0 info it worked if it ends with ok
1 verbose cli [ '/usr/bin/node', '/usr/bin/npm', 'install', 'node' ]
2 info using npm@3.5.2
3 info using node@v8.10.0
4 silly loadCurrentTree Starting
5 silly install loadCurrentTree
6 silly install readLocalPackageData
7 silly fetchPackageMetaData node
8 silly fetchNamedPackageData node
9 silly mapToRegistry name node
10 silly mapToRegistry using default registry
11 silly mapToRegistry registry https://registry.npmjs.org/
12 silly mapToRegistry uri https://registry.npmjs.org/node
13 verbose request uri https://registry.npmjs.org/node
14 verbose request no auth needed
15 info attempt registry request try #1 at 7:42:05 PM
16 verbose request id 8444209e6b711da5
17 http request GET https://registry.npmjs.org/node
18 http 200 https://registry.npmjs.org/node
19 verbose headers { date: 'Wed, 21 Nov 2018 17:42:05 GMT',
19 verbose headers   'content-type': 'application/json',
19 verbose headers   'transfer-encoding': 'chunked',
19 verbose headers   connection: 'keep-alive',
19 verbose headers   'set-cookie':
19 verbose headers    [ '__cfduid=dcc4490dc29c67731640abc9b7eb0b1281542822125; expires=Thu, 21-Nov-19 17:42:05 GMT; path=/; domain=.registry.npmjs.org; HttpOnly' ],
19 verbose headers   'cf-cache-status': 'HIT',
19 verbose headers   'cache-control': 'max-age=300',
19 verbose headers   'cf-ray': '47d4f36bff035b15-HEL',
19 verbose headers   etag: 'W/"d015bcff2346759dad455b5b296c7bee"',
19 verbose headers   'expect-ct': 'max-age=604800, report-uri="https://report-uri.cloudflare.com/cdn-cgi/beacon/expect-ct"',
19 verbose headers   'last-modified': 'Sun, 11 Nov 2018 15:35:18 GMT',
19 verbose headers   vary: 'accept-encoding, accept',
19 verbose headers   'x-amz-meta-rev': '436-a14e6ff9cb1bb47fae6d03142d5edb02',
19 verbose headers   server: 'cloudflare',
19 verbose headers   'content-encoding': 'gzip' }
20 silly get cb [ 200,
20 silly get   { date: 'Wed, 21 Nov 2018 17:42:05 GMT',
20 silly get     'content-type': 'application/json',
20 silly get     'transfer-encoding': 'chunked',
20 silly get     connection: 'keep-alive',
20 silly get     'set-cookie':
20 silly get      [ '__cfduid=dcc4490dc29c67731640abc9b7eb0b1281542822125; expires=Thu, 21-Nov-19 17:42:05 GMT; path=/; domain=.registry.npmjs.org; HttpOnly' ],
20 silly get     'cf-cache-status': 'HIT',
20 silly get     'cache-control': 'max-age=300',
20 silly get     'cf-ray': '47d4f36bff035b15-HEL',
20 silly get     etag: 'W/"d015bcff2346759dad455b5b296c7bee"',
20 silly get     'expect-ct': 'max-age=604800, report-uri="https://report-uri.cloudflare.com/cdn-cgi/beacon/expect-ct"',
20 silly get     'last-modified': 'Sun, 11 Nov 2018 15:35:18 GMT',
20 silly get     vary: 'accept-encoding, accept',
20 silly get     'x-amz-meta-rev': '436-a14e6ff9cb1bb47fae6d03142d5edb02',
20 silly get     server: 'cloudflare',
20 silly get     'content-encoding': 'gzip' } ]
21 verbose get saving node to /home/marianne/.npm/registry.npmjs.org/node/.cache.json
22 silly install normalizeTree
23 silly loadCurrentTree Finishing
24 silly loadIdealTree Starting
25 silly install loadIdealTree
26 silly cloneCurrentTree Starting
27 silly install cloneCurrentTreeToIdealTree
28 silly cloneCurrentTree Finishing
29 silly loadShrinkwrap Starting
30 silly install loadShrinkwrap
31 silly loadShrinkwrap Finishing
32 silly loadAllDepsIntoIdealTree Starting
33 silly install loadAllDepsIntoIdealTree
34 silly resolveWithNewModule node@11.1.0 checking installable status
35 silly cache add args [ 'node', null ]
36 verbose cache add spec node
37 silly cache add parsed spec Result {
37 silly cache add   raw: 'node',
37 silly cache add   scope: null,
37 silly cache add   name: 'node',
37 silly cache add   rawSpec: '',
37 silly cache add   spec: 'latest',
37 silly cache add   type: 'tag' }
38 silly addNamed node@latest
39 verbose addNamed "latest" is being treated as a dist-tag for node
40 info addNameTag [ 'node', 'latest' ]
41 silly mapToRegistry name node
42 silly mapToRegistry using default registry
43 silly mapToRegistry registry https://registry.npmjs.org/
44 silly mapToRegistry uri https://registry.npmjs.org/node
45 verbose addNameTag registry:https://registry.npmjs.org/node not in flight; fetching
46 verbose get https://registry.npmjs.org/node not expired, no request
47 silly addNameTag next cb for node with tag latest
48 silly addNamed node@11.1.0
49 verbose addNamed "11.1.0" is a plain semver version for node
50 silly mapToRegistry name node
51 silly mapToRegistry using default registry
52 silly mapToRegistry registry https://registry.npmjs.org/
53 silly mapToRegistry uri https://registry.npmjs.org/node
54 verbose addRemoteTarball https://registry.npmjs.org/node/-/node-11.1.0.tgz not in flight; adding
55 verbose addRemoteTarball [ 'https://registry.npmjs.org/node/-/node-11.1.0.tgz',
55 verbose addRemoteTarball   '2ba9e4184007841b42d17fd2fe1dbaa36467db02' ]
56 info retry fetch attempt 1 at 7:42:05 PM
57 info attempt registry request try #1 at 7:42:05 PM
58 http fetch GET https://registry.npmjs.org/node/-/node-11.1.0.tgz
59 http fetch 200 https://registry.npmjs.org/node/-/node-11.1.0.tgz
60 silly fetchAndShaCheck shasum 2ba9e4184007841b42d17fd2fe1dbaa36467db02
61 verbose addTmpTarball /tmp/npm-3415-70a1cf7b/registry.npmjs.org/node/-/node-11.1.0.tgz not in flight; adding
62 verbose addTmpTarball already have metadata; skipping unpack for node@11.1.0
63 silly cache afterAdd node@11.1.0
64 verbose afterAdd /home/marianne/.npm/node/11.1.0/package/package.json not in flight; writing
65 verbose afterAdd /home/marianne/.npm/node/11.1.0/package/package.json written
66 silly fetchNamedPackageData node-bin-setup
67 silly mapToRegistry name node-bin-setup
68 silly mapToRegistry using default registry
69 silly mapToRegistry registry https://registry.npmjs.org/
70 silly mapToRegistry uri https://registry.npmjs.org/node-bin-setup
71 verbose request uri https://registry.npmjs.org/node-bin-setup
72 verbose request no auth needed
73 info attempt registry request try #1 at 7:42:05 PM
74 http request GET https://registry.npmjs.org/node-bin-setup
75 http 200 https://registry.npmjs.org/node-bin-setup
76 verbose headers { date: 'Wed, 21 Nov 2018 17:42:06 GMT',
76 verbose headers   'content-type': 'application/json; charset=UTF-8',
76 verbose headers   'transfer-encoding': 'chunked',
76 verbose headers   connection: 'keep-alive',
76 verbose headers   'set-cookie':
76 verbose headers    [ '__cfduid=dcc4490dc29c67731640abc9b7eb0b1281542822125; expires=Thu, 21-Nov-19 17:42:05 GMT; path=/; domain=.registry.npmjs.org; HttpOnly' ],
76 verbose headers   'cf-cache-status': 'REVALIDATED',
76 verbose headers   'cache-control': 'max-age=300',
76 verbose headers   'cf-ray': '47d4f36f78e85b15-HEL',
76 verbose headers   etag: 'W/"696d6ec470fda56a33885508a280edab"',
76 verbose headers   'expect-ct': 'max-age=604800, report-uri="https://report-uri.cloudflare.com/cdn-cgi/beacon/expect-ct"',
76 verbose headers   'last-modified': 'Sun, 27 May 2018 09:55:03 GMT',
76 verbose headers   vary: 'accept-encoding, accept',
76 verbose headers   server: 'cloudflare',
76 verbose headers   'content-encoding': 'gzip' }
77 silly get cb [ 200,
77 silly get   { date: 'Wed, 21 Nov 2018 17:42:06 GMT',
77 silly get     'content-type': 'application/json; charset=UTF-8',
77 silly get     'transfer-encoding': 'chunked',
77 silly get     connection: 'keep-alive',
77 silly get     'set-cookie':
77 silly get      [ '__cfduid=dcc4490dc29c67731640abc9b7eb0b1281542822125; expires=Thu, 21-Nov-19 17:42:05 GMT; path=/; domain=.registry.npmjs.org; HttpOnly' ],
77 silly get     'cf-cache-status': 'REVALIDATED',
77 silly get     'cache-control': 'max-age=300',
77 silly get     'cf-ray': '47d4f36f78e85b15-HEL',
77 silly get     etag: 'W/"696d6ec470fda56a33885508a280edab"',
77 silly get     'expect-ct': 'max-age=604800, report-uri="https://report-uri.cloudflare.com/cdn-cgi/beacon/expect-ct"',
77 silly get     'last-modified': 'Sun, 27 May 2018 09:55:03 GMT',
77 silly get     vary: 'accept-encoding, accept',
77 silly get     server: 'cloudflare',
77 silly get     'content-encoding': 'gzip' } ]
78 verbose get saving node-bin-setup to /home/marianne/.npm/registry.npmjs.org/node-bin-setup/.cache.json
79 silly resolveWithNewModule node-bin-setup@1.0.6 checking installable status
80 silly cache add args [ 'node-bin-setup@^1.0.0', null ]
81 verbose cache add spec node-bin-setup@^1.0.0
82 silly cache add parsed spec Result {
82 silly cache add   raw: 'node-bin-setup@^1.0.0',
82 silly cache add   scope: null,
82 silly cache add   name: 'node-bin-setup',
82 silly cache add   rawSpec: '^1.0.0',
82 silly cache add   spec: '>=1.0.0 <2.0.0',
82 silly cache add   type: 'range' }
83 silly addNamed node-bin-setup@>=1.0.0 <2.0.0
84 verbose addNamed ">=1.0.0 <2.0.0" is a valid semver range for node-bin-setup
85 silly addNameRange { name: 'node-bin-setup',
85 silly addNameRange   range: '>=1.0.0 <2.0.0',
85 silly addNameRange   hasData: false }
86 silly mapToRegistry name node-bin-setup
87 silly mapToRegistry using default registry
88 silly mapToRegistry registry https://registry.npmjs.org/
89 silly mapToRegistry uri https://registry.npmjs.org/node-bin-setup
90 verbose addNameRange registry:https://registry.npmjs.org/node-bin-setup not in flight; fetching
91 verbose get https://registry.npmjs.org/node-bin-setup not expired, no request
92 silly addNameRange number 2 { name: 'node-bin-setup',
92 silly addNameRange   range: '>=1.0.0 <2.0.0',
92 silly addNameRange   hasData: true }
93 silly addNameRange versions [ 'node-bin-setup',
93 silly addNameRange   [ '1.0.0', '1.0.1', '1.0.2', '1.0.3', '1.0.4', '1.0.6' ] ]
94 silly addNamed node-bin-setup@1.0.6
95 verbose addNamed "1.0.6" is a plain semver version for node-bin-setup
96 silly mapToRegistry name node-bin-setup
97 silly mapToRegistry using default registry
98 silly mapToRegistry registry https://registry.npmjs.org/
99 silly mapToRegistry uri https://registry.npmjs.org/node-bin-setup
100 verbose addRemoteTarball https://registry.npmjs.org/node-bin-setup/-/node-bin-setup-1.0.6.tgz not in flight; adding
101 verbose addRemoteTarball [ 'https://registry.npmjs.org/node-bin-setup/-/node-bin-setup-1.0.6.tgz',
101 verbose addRemoteTarball   '4b5c9bb937ece702d7069b36ca78af4684677528' ]
102 info retry fetch attempt 1 at 7:42:06 PM
103 info attempt registry request try #1 at 7:42:06 PM
104 http fetch GET https://registry.npmjs.org/node-bin-setup/-/node-bin-setup-1.0.6.tgz
105 http fetch 200 https://registry.npmjs.org/node-bin-setup/-/node-bin-setup-1.0.6.tgz
106 silly fetchAndShaCheck shasum 4b5c9bb937ece702d7069b36ca78af4684677528
107 verbose addTmpTarball /tmp/npm-3415-70a1cf7b/registry.npmjs.org/node-bin-setup/-/node-bin-setup-1.0.6.tgz not in flight; adding
108 verbose addTmpTarball already have metadata; skipping unpack for node-bin-setup@1.0.6
109 silly cache afterAdd node-bin-setup@1.0.6
110 verbose afterAdd /home/marianne/.npm/node-bin-setup/1.0.6/package/package.json not in flight; writing
111 verbose afterAdd /home/marianne/.npm/node-bin-setup/1.0.6/package/package.json written
112 silly fetchNamedPackageData fsevents
113 silly mapToRegistry name fsevents
114 silly mapToRegistry using default registry
115 silly mapToRegistry registry https://registry.npmjs.org/
116 silly mapToRegistry uri https://registry.npmjs.org/fsevents
117 verbose get https://registry.npmjs.org/fsevents not expired, no request
118 silly resolveWithNewModule fsevents@1.2.4 checking installable status
119 silly loadAllDepsIntoIdealTree Finishing
120 silly idealTree:prePrune harjoitustyo@0.0.1
120 silly idealTree:prePrune ├── abbrev@1.1.1
120 silly idealTree:prePrune ├── accepts@1.0.0
120 silly idealTree:prePrune ├── amdefine@1.0.1
120 silly idealTree:prePrune ├── ansi-align@2.0.0
120 silly idealTree:prePrune ├── ansi-regex@3.0.0
120 silly idealTree:prePrune ├── ansi-styles@3.2.1
120 silly idealTree:prePrune ├── anymatch@2.0.0
120 silly idealTree:prePrune ├── arr-diff@4.0.0
120 silly idealTree:prePrune ├── arr-flatten@1.1.0
120 silly idealTree:prePrune ├── arr-union@3.1.0
120 silly idealTree:prePrune ├── array-unique@0.3.2
120 silly idealTree:prePrune ├── assign-symbols@1.0.0
120 silly idealTree:prePrune ├── async-each@1.0.1
120 silly idealTree:prePrune ├── async@0.2.10
120 silly idealTree:prePrune ├── asynch@0.5.2
120 silly idealTree:prePrune ├── atob@2.1.2
120 silly idealTree:prePrune ├── balanced-match@1.0.0
120 silly idealTree:prePrune ├─┬ base@0.11.2
120 silly idealTree:prePrune │ ├── define-property@1.0.0
120 silly idealTree:prePrune │ ├── is-accessor-descriptor@1.0.0
120 silly idealTree:prePrune │ ├── is-data-descriptor@1.0.0
120 silly idealTree:prePrune │ └── is-descriptor@1.0.2
120 silly idealTree:prePrune ├── binary-extensions@1.12.0
120 silly idealTree:prePrune ├── bluebird@3.5.1
120 silly idealTree:prePrune ├── body-parser@1.0.2
120 silly idealTree:prePrune ├─┬ boxen@1.3.0
120 silly idealTree:prePrune │ └── camelcase@4.1.0
120 silly idealTree:prePrune ├── brace-expansion@1.1.11
120 silly idealTree:prePrune ├─┬ braces@2.3.2
120 silly idealTree:prePrune │ └── extend-shallow@2.0.1
120 silly idealTree:prePrune ├── bson@1.1.0
120 silly idealTree:prePrune ├── buffer-crc32@0.2.1
120 silly idealTree:prePrune ├── bytes@1.0.0
120 silly idealTree:prePrune ├── cache-base@1.0.1
120 silly idealTree:prePrune ├── camelcase@1.2.1
120 silly idealTree:prePrune ├── capture-stack-trace@1.0.1
120 silly idealTree:prePrune ├── chalk@2.4.1
120 silly idealTree:prePrune ├── character-parser@1.2.0
120 silly idealTree:prePrune ├─┬ chokidar@2.0.4
120 silly idealTree:prePrune │ └── readdirp@2.2.1
120 silly idealTree:prePrune ├── ci-info@1.6.0
120 silly idealTree:prePrune ├─┬ class-utils@0.3.6
120 silly idealTree:prePrune │ └── define-property@0.2.5
120 silly idealTree:prePrune ├── cli-boxes@1.0.0
120 silly idealTree:prePrune ├── collection-visit@1.0.0
120 silly idealTree:prePrune ├── color-convert@1.9.3
120 silly idealTree:prePrune ├── color-name@1.1.3
120 silly idealTree:prePrune ├── commander@2.1.0
120 silly idealTree:prePrune ├── component-emitter@1.2.1
120 silly idealTree:prePrune ├── concat-map@0.0.1
120 silly idealTree:prePrune ├── configstore@3.1.2
120 silly idealTree:prePrune ├── constantinople@2.0.1
120 silly idealTree:prePrune ├── cookie-parser@1.0.1
120 silly idealTree:prePrune ├── cookie-signature@1.0.3
120 silly idealTree:prePrune ├── cookie@0.1.0
120 silly idealTree:prePrune ├── copy-descriptor@0.1.1
120 silly idealTree:prePrune ├── core-util-is@1.0.2
120 silly idealTree:prePrune ├── create-error-class@3.0.2
120 silly idealTree:prePrune ├── cross-spawn@5.1.0
120 silly idealTree:prePrune ├── crypto-random-string@1.0.0
120 silly idealTree:prePrune ├── css-parse@1.0.4
120 silly idealTree:prePrune ├── css-stringify@1.0.5
120 silly idealTree:prePrune ├── css@1.0.8
120 silly idealTree:prePrune ├── debug@0.7.4
120 silly idealTree:prePrune ├── decamelize@1.2.0
120 silly idealTree:prePrune ├── decode-uri-component@0.2.0
120 silly idealTree:prePrune ├── deep-extend@0.6.0
120 silly idealTree:prePrune ├─┬ define-property@2.0.2
120 silly idealTree:prePrune │ ├── is-accessor-descriptor@1.0.0
120 silly idealTree:prePrune │ ├── is-data-descriptor@1.0.0
120 silly idealTree:prePrune │ └── is-descriptor@1.0.2
120 silly idealTree:prePrune ├── dot-prop@4.2.0
120 silly idealTree:prePrune ├── duplexer@0.1.1
120 silly idealTree:prePrune ├── duplexer3@0.1.4
120 silly idealTree:prePrune ├── escape-html@1.0.1
120 silly idealTree:prePrune ├── escape-string-regexp@1.0.5
120 silly idealTree:prePrune ├── event-stream@3.3.6
120 silly idealTree:prePrune ├── execa@0.7.0
120 silly idealTree:prePrune ├─┬ expand-brackets@2.1.4
120 silly idealTree:prePrune │ ├── debug@2.6.9
120 silly idealTree:prePrune │ ├── define-property@0.2.5
120 silly idealTree:prePrune │ └── extend-shallow@2.0.1
120 silly idealTree:prePrune ├─┬ express@4.0.0
120 silly idealTree:prePrune │ └── type-is@1.0.0
120 silly idealTree:prePrune ├─┬ extend-shallow@3.0.2
120 silly idealTree:prePrune │ └── is-extendable@1.0.1
120 silly idealTree:prePrune ├─┬ extglob@2.0.4
120 silly idealTree:prePrune │ ├── define-property@1.0.0
120 silly idealTree:prePrune │ ├── extend-shallow@2.0.1
120 silly idealTree:prePrune │ ├── is-accessor-descriptor@1.0.0
120 silly idealTree:prePrune │ ├── is-data-descriptor@1.0.0
120 silly idealTree:prePrune │ └── is-descriptor@1.0.2
120 silly idealTree:prePrune ├─┬ fill-range@4.0.0
120 silly idealTree:prePrune │ └── extend-shallow@2.0.1
120 silly idealTree:prePrune ├── flatmap-stream@0.1.2
120 silly idealTree:prePrune ├── for-in@1.0.2
120 silly idealTree:prePrune ├── fragment-cache@0.2.1
120 silly idealTree:prePrune ├── fresh@0.2.2
120 silly idealTree:prePrune ├── from@0.1.7
120 silly idealTree:prePrune ├── get-stream@3.0.0
120 silly idealTree:prePrune ├── get-value@2.0.6
120 silly idealTree:prePrune ├─┬ glob-parent@3.1.0
120 silly idealTree:prePrune │ └── is-glob@3.1.0
120 silly idealTree:prePrune ├── global-dirs@0.1.1
120 silly idealTree:prePrune ├── got@6.7.1
120 silly idealTree:prePrune ├── graceful-fs@4.1.15
120 silly idealTree:prePrune ├── has-flag@3.0.0
120 silly idealTree:prePrune ├── has-value@1.0.0
120 silly idealTree:prePrune ├─┬ has-values@1.0.0
120 silly idealTree:prePrune │ └── kind-of@4.0.0
120 silly idealTree:prePrune ├── ignore-by-default@1.0.1
120 silly idealTree:prePrune ├── import-lazy@2.1.0
120 silly idealTree:prePrune ├── imurmurhash@0.1.4
120 silly idealTree:prePrune ├── inherits@2.0.3
120 silly idealTree:prePrune ├── ini@1.3.5
120 silly idealTree:prePrune ├─┬ is-accessor-descriptor@0.1.6
120 silly idealTree:prePrune │ └── kind-of@3.2.2
120 silly idealTree:prePrune ├── is-binary-path@1.0.1
120 silly idealTree:prePrune ├── is-buffer@1.1.6
120 silly idealTree:prePrune ├── is-ci@1.2.1
120 silly idealTree:prePrune ├─┬ is-data-descriptor@0.1.4
120 silly idealTree:prePrune │ └── kind-of@3.2.2
120 silly idealTree:prePrune ├─┬ is-descriptor@0.1.6
120 silly idealTree:prePrune │ └── kind-of@5.1.0
120 silly idealTree:prePrune ├── is-extendable@0.1.1
120 silly idealTree:prePrune ├── is-extglob@2.1.1
120 silly idealTree:prePrune ├── is-fullwidth-code-point@2.0.0
120 silly idealTree:prePrune ├── is-glob@4.0.0
120 silly idealTree:prePrune ├── is-installed-globally@0.1.0
120 silly idealTree:prePrune ├── is-npm@1.0.0
120 silly idealTree:prePrune ├─┬ is-number@3.0.0
120 silly idealTree:prePrune │ └── kind-of@3.2.2
120 silly idealTree:prePrune ├── is-obj@1.0.1
120 silly idealTree:prePrune ├── is-path-inside@1.0.1
120 silly idealTree:prePrune ├── is-plain-object@2.0.4
120 silly idealTree:prePrune ├── is-promise@1.0.1
120 silly idealTree:prePrune ├── is-redirect@1.0.0
120 silly idealTree:prePrune ├── is-retry-allowed@1.1.0
120 silly idealTree:prePrune ├── is-stream@1.1.0
120 silly idealTree:prePrune ├── is-windows@1.0.2
120 silly idealTree:prePrune ├── isarray@1.0.0
120 silly idealTree:prePrune ├── isexe@2.0.0
120 silly idealTree:prePrune ├── isobject@3.0.1
120 silly idealTree:prePrune ├── jade@1.3.1
120 silly idealTree:prePrune ├── kareem@2.3.0
120 silly idealTree:prePrune ├── kind-of@6.0.2
120 silly idealTree:prePrune ├── latest-version@3.1.0
120 silly idealTree:prePrune ├── lodash.debounce@4.0.8
120 silly idealTree:prePrune ├── lodash.get@4.4.2
120 silly idealTree:prePrune ├── lodash@4.17.11
120 silly idealTree:prePrune ├── lowercase-keys@1.0.1
120 silly idealTree:prePrune ├── lru-cache@4.1.3
120 silly idealTree:prePrune ├── make-dir@1.3.0
120 silly idealTree:prePrune ├── map-cache@0.2.2
120 silly idealTree:prePrune ├── map-stream@0.0.7
120 silly idealTree:prePrune ├── map-visit@1.0.0
120 silly idealTree:prePrune ├── memory-pager@1.1.0
120 silly idealTree:prePrune ├── merge-descriptors@0.0.2
120 silly idealTree:prePrune ├── methods@0.1.0
120 silly idealTree:prePrune ├── micromatch@3.1.10
120 silly idealTree:prePrune ├── mime@1.2.11
120 silly idealTree:prePrune ├── minimatch@3.0.4
120 silly idealTree:prePrune ├── minimist@1.2.0
120 silly idealTree:prePrune ├─┬ mixin-deep@1.3.1
120 silly idealTree:prePrune │ └── is-extendable@1.0.1
120 silly idealTree:prePrune ├── mkdirp@0.3.5
120 silly idealTree:prePrune ├── mongodb-core@3.1.9
120 silly idealTree:prePrune ├── mongodb@3.1.10
120 silly idealTree:prePrune ├── mongoose-legacy-pluralize@1.0.2
120 silly idealTree:prePrune ├─┬ mongoose@5.3.13
120 silly idealTree:prePrune │ └── async@2.6.1
120 silly idealTree:prePrune ├── monocle@1.1.51
120 silly idealTree:prePrune ├─┬ morgan@1.0.1
120 silly idealTree:prePrune │ └── bytes@0.3.0
120 silly idealTree:prePrune ├── mpath@0.5.1
120 silly idealTree:prePrune ├─┬ mquery@3.2.0
120 silly idealTree:prePrune │ └── debug@3.1.0
120 silly idealTree:prePrune ├── ms@2.0.0
120 silly idealTree:prePrune ├── nanomatch@1.2.13
120 silly idealTree:prePrune ├── negotiator@0.3.0
120 silly idealTree:prePrune ├── node-bin-setup@1.0.6
120 silly idealTree:prePrune ├── node@11.1.0
120 silly idealTree:prePrune ├─┬ nodemon@1.18.6
120 silly idealTree:prePrune │ ├── debug@3.2.6
120 silly idealTree:prePrune │ └── ms@2.1.1
120 silly idealTree:prePrune ├── nopt@1.0.10
120 silly idealTree:prePrune ├── normalize-path@2.1.1
120 silly idealTree:prePrune ├── npm-run-path@2.0.2
120 silly idealTree:prePrune ├─┬ object-copy@0.1.0
120 silly idealTree:prePrune │ ├── define-property@0.2.5
120 silly idealTree:prePrune │ └── kind-of@3.2.2
120 silly idealTree:prePrune ├── object-visit@1.0.1
120 silly idealTree:prePrune ├── object.pick@1.3.0
120 silly idealTree:prePrune ├── optimist@0.3.7
120 silly idealTree:prePrune ├── p-finally@1.0.0
120 silly idealTree:prePrune ├── package-json@4.0.1
120 silly idealTree:prePrune ├── parseurl@1.0.1
120 silly idealTree:prePrune ├── pascalcase@0.1.1
120 silly idealTree:prePrune ├── path-dirname@1.0.2
120 silly idealTree:prePrune ├── path-is-absolute@1.0.1
120 silly idealTree:prePrune ├── path-is-inside@1.0.2
120 silly idealTree:prePrune ├── path-key@2.0.1
120 silly idealTree:prePrune ├── path-to-regexp@0.1.2
120 silly idealTree:prePrune ├── pause-stream@0.0.11
120 silly idealTree:prePrune ├── pify@3.0.0
120 silly idealTree:prePrune ├── posix-character-classes@0.1.1
120 silly idealTree:prePrune ├── prepend-http@1.0.4
120 silly idealTree:prePrune ├── process-nextick-args@2.0.0
120 silly idealTree:prePrune ├── promise@2.0.0
120 silly idealTree:prePrune ├── ps-tree@1.1.0
120 silly idealTree:prePrune ├── pseudomap@1.0.2
120 silly idealTree:prePrune ├── pstree.remy@1.1.0
120 silly idealTree:prePrune ├── qs@0.6.6
120 silly idealTree:prePrune ├── range-parser@1.0.0
120 silly idealTree:prePrune ├── raw-body@1.1.7
120 silly idealTree:prePrune ├── rc@1.2.8
120 silly idealTree:prePrune ├─┬ readable-stream@2.3.6
120 silly idealTree:prePrune │ └── string_decoder@1.1.1
120 silly idealTree:prePrune ├── readdirp@0.2.5
120 silly idealTree:prePrune ├── regex-not@1.0.2
120 silly idealTree:prePrune ├── regexp-clone@0.0.1
120 silly idealTree:prePrune ├── registry-auth-token@3.3.2
120 silly idealTree:prePrune ├── registry-url@3.1.0
120 silly idealTree:prePrune ├── remove-trailing-separator@1.1.0
120 silly idealTree:prePrune ├── repeat-element@1.1.3
120 silly idealTree:prePrune ├── repeat-string@1.6.1
120 silly idealTree:prePrune ├── require_optional@1.0.1
120 silly idealTree:prePrune ├── resolve-from@2.0.0
120 silly idealTree:prePrune ├── resolve-url@0.2.1
120 silly idealTree:prePrune ├── ret@0.1.15
120 silly idealTree:prePrune ├── safe-buffer@5.1.2
120 silly idealTree:prePrune ├── safe-regex@1.1.0
120 silly idealTree:prePrune ├── saslprep@1.0.2
120 silly idealTree:prePrune ├── semver-diff@2.1.0
120 silly idealTree:prePrune ├── semver@5.6.0
120 silly idealTree:prePrune ├── send@0.2.0
120 silly idealTree:prePrune ├─┬ serve-static@1.0.1
120 silly idealTree:prePrune │ ├── fresh@0.2.0
120 silly idealTree:prePrune │ ├── range-parser@0.0.4
120 silly idealTree:prePrune │ └── send@0.1.4
120 silly idealTree:prePrune ├─┬ set-value@2.0.0
120 silly idealTree:prePrune │ └── extend-shallow@2.0.1
120 silly idealTree:prePrune ├── shebang-command@1.2.0
120 silly idealTree:prePrune ├── shebang-regex@1.0.0
120 silly idealTree:prePrune ├── signal-exit@3.0.2
120 silly idealTree:prePrune ├── sliced@1.0.1
120 silly idealTree:prePrune ├─┬ snapdragon-node@2.1.1
120 silly idealTree:prePrune │ ├── define-property@1.0.0
120 silly idealTree:prePrune │ ├── is-accessor-descriptor@1.0.0
120 silly idealTree:prePrune │ ├── is-data-descriptor@1.0.0
120 silly idealTree:prePrune │ └── is-descriptor@1.0.2
120 silly idealTree:prePrune ├─┬ snapdragon-util@3.0.1
120 silly idealTree:prePrune │ └── kind-of@3.2.2
120 silly idealTree:prePrune ├─┬ snapdragon@0.8.2
120 silly idealTree:prePrune │ ├── debug@2.6.9
120 silly idealTree:prePrune │ ├── define-property@0.2.5
120 silly idealTree:prePrune │ ├── extend-shallow@2.0.1
120 silly idealTree:prePrune │ └── source-map@0.5.7
120 silly idealTree:prePrune ├── source-map-resolve@0.5.2
120 silly idealTree:prePrune ├── source-map-url@0.4.0
120 silly idealTree:prePrune ├── source-map@0.1.34
120 silly idealTree:prePrune ├── sparse-bitfield@3.0.3
120 silly idealTree:prePrune ├── split-string@3.1.0
120 silly idealTree:prePrune ├── split@1.0.1
120 silly idealTree:prePrune ├─┬ static-extend@0.1.2
120 silly idealTree:prePrune │ └── define-property@0.2.5
120 silly idealTree:prePrune ├── static-favicon@1.0.2
120 silly idealTree:prePrune ├── stream-combiner@0.2.2
120 silly idealTree:prePrune ├── string_decoder@0.10.31
120 silly idealTree:prePrune ├── string-width@2.1.1
120 silly idealTree:prePrune ├── strip-ansi@4.0.0
120 silly idealTree:prePrune ├── strip-eof@1.0.0
120 silly idealTree:prePrune ├── strip-json-comments@2.0.1
120 silly idealTree:prePrune ├── supports-color@5.5.0
120 silly idealTree:prePrune ├── term-size@1.2.0
120 silly idealTree:prePrune ├── through@2.3.8
120 silly idealTree:prePrune ├── timed-out@4.0.1
120 silly idealTree:prePrune ├─┬ to-object-path@0.3.0
120 silly idealTree:prePrune │ └── kind-of@3.2.2
120 silly idealTree:prePrune ├── to-regex-range@2.1.1
120 silly idealTree:prePrune ├── to-regex@3.0.2
120 silly idealTree:prePrune ├── touch@3.1.0
120 silly idealTree:prePrune ├─┬ transformers@2.1.0
120 silly idealTree:prePrune │ └── uglify-js@2.2.5
120 silly idealTree:prePrune ├── type-is@1.1.0
120 silly idealTree:prePrune ├── uglify-js@2.4.24
120 silly idealTree:prePrune ├── uglify-to-browserify@1.0.2
120 silly idealTree:prePrune ├─┬ undefsafe@2.0.2
120 silly idealTree:prePrune │ └── debug@2.6.9
120 silly idealTree:prePrune ├─┬ union-value@1.0.0
120 silly idealTree:prePrune │ ├── extend-shallow@2.0.1
120 silly idealTree:prePrune │ └── set-value@0.4.3
120 silly idealTree:prePrune ├── unique-string@1.0.0
120 silly idealTree:prePrune ├─┬ unset-value@1.0.0
120 silly idealTree:prePrune │ ├─┬ has-value@0.3.1
120 silly idealTree:prePrune │ │ └── isobject@2.1.0
120 silly idealTree:prePrune │ └── has-values@0.1.4
120 silly idealTree:prePrune ├── unzip-response@2.0.1
120 silly idealTree:prePrune ├── upath@1.1.0
120 silly idealTree:prePrune ├── update-notifier@2.5.0
120 silly idealTree:prePrune ├── urix@0.1.0
120 silly idealTree:prePrune ├── url-parse-lax@1.0.0
120 silly idealTree:prePrune ├── use@3.1.1
120 silly idealTree:prePrune ├── util-deprecate@1.0.2
120 silly idealTree:prePrune ├── utils-merge@1.0.0
120 silly idealTree:prePrune ├── which@1.3.1
120 silly idealTree:prePrune ├── widest-line@2.0.1
120 silly idealTree:prePrune ├── window-size@0.1.0
120 silly idealTree:prePrune ├── with@3.0.1
120 silly idealTree:prePrune ├── wordwrap@0.0.2
120 silly idealTree:prePrune ├── write-file-atomic@2.3.0
120 silly idealTree:prePrune ├── xdg-basedir@3.0.0
120 silly idealTree:prePrune ├── yallist@2.1.2
120 silly idealTree:prePrune └── yargs@3.5.4
121 silly loadIdealTree Finishing
122 silly currentTree harjoitustyo@0.0.1
122 silly currentTree ├── abbrev@1.1.1
122 silly currentTree ├── accepts@1.0.0
122 silly currentTree ├── amdefine@1.0.1
122 silly currentTree ├── ansi-align@2.0.0
122 silly currentTree ├── ansi-regex@3.0.0
122 silly currentTree ├── ansi-styles@3.2.1
122 silly currentTree ├── anymatch@2.0.0
122 silly currentTree ├── arr-diff@4.0.0
122 silly currentTree ├── arr-flatten@1.1.0
122 silly currentTree ├── arr-union@3.1.0
122 silly currentTree ├── array-unique@0.3.2
122 silly currentTree ├── assign-symbols@1.0.0
122 silly currentTree ├── async-each@1.0.1
122 silly currentTree ├── async@0.2.10
122 silly currentTree ├── asynch@0.5.2
122 silly currentTree ├── atob@2.1.2
122 silly currentTree ├── balanced-match@1.0.0
122 silly currentTree ├─┬ base@0.11.2
122 silly currentTree │ ├── define-property@1.0.0
122 silly currentTree │ ├── is-accessor-descriptor@1.0.0
122 silly currentTree │ ├── is-data-descriptor@1.0.0
122 silly currentTree │ └── is-descriptor@1.0.2
122 silly currentTree ├── binary-extensions@1.12.0
122 silly currentTree ├── bluebird@3.5.1
122 silly currentTree ├── body-parser@1.0.2
122 silly currentTree ├─┬ boxen@1.3.0
122 silly currentTree │ └── camelcase@4.1.0
122 silly currentTree ├── brace-expansion@1.1.11
122 silly currentTree ├─┬ braces@2.3.2
122 silly currentTree │ └── extend-shallow@2.0.1
122 silly currentTree ├── bson@1.1.0
122 silly currentTree ├── buffer-crc32@0.2.1
122 silly currentTree ├── bytes@1.0.0
122 silly currentTree ├── cache-base@1.0.1
122 silly currentTree ├── camelcase@1.2.1
122 silly currentTree ├── capture-stack-trace@1.0.1
122 silly currentTree ├── chalk@2.4.1
122 silly currentTree ├── character-parser@1.2.0
122 silly currentTree ├─┬ chokidar@2.0.4
122 silly currentTree │ └── readdirp@2.2.1
122 silly currentTree ├── ci-info@1.6.0
122 silly currentTree ├─┬ class-utils@0.3.6
122 silly currentTree │ └── define-property@0.2.5
122 silly currentTree ├── cli-boxes@1.0.0
122 silly currentTree ├── collection-visit@1.0.0
122 silly currentTree ├── color-convert@1.9.3
122 silly currentTree ├── color-name@1.1.3
122 silly currentTree ├── commander@2.1.0
122 silly currentTree ├── component-emitter@1.2.1
122 silly currentTree ├── concat-map@0.0.1
122 silly currentTree ├── configstore@3.1.2
122 silly currentTree ├── constantinople@2.0.1
122 silly currentTree ├── cookie-parser@1.0.1
122 silly currentTree ├── cookie-signature@1.0.3
122 silly currentTree ├── cookie@0.1.0
122 silly currentTree ├── copy-descriptor@0.1.1
122 silly currentTree ├── core-util-is@1.0.2
122 silly currentTree ├── create-error-class@3.0.2
122 silly currentTree ├── cross-spawn@5.1.0
122 silly currentTree ├── crypto-random-string@1.0.0
122 silly currentTree ├── css-parse@1.0.4
122 silly currentTree ├── css-stringify@1.0.5
122 silly currentTree ├── css@1.0.8
122 silly currentTree ├── debug@0.7.4
122 silly currentTree ├── decamelize@1.2.0
122 silly currentTree ├── decode-uri-component@0.2.0
122 silly currentTree ├── deep-extend@0.6.0
122 silly currentTree ├─┬ define-property@2.0.2
122 silly currentTree │ ├── is-accessor-descriptor@1.0.0
122 silly currentTree │ ├── is-data-descriptor@1.0.0
122 silly currentTree │ └── is-descriptor@1.0.2
122 silly currentTree ├── dot-prop@4.2.0
122 silly currentTree ├── duplexer@0.1.1
122 silly currentTree ├── duplexer3@0.1.4
122 silly currentTree ├── escape-html@1.0.1
122 silly currentTree ├── escape-string-regexp@1.0.5
122 silly currentTree ├── event-stream@3.3.6
122 silly currentTree ├── execa@0.7.0
122 silly currentTree ├─┬ expand-brackets@2.1.4
122 silly currentTree │ ├── debug@2.6.9
122 silly currentTree │ ├── define-property@0.2.5
122 silly currentTree │ └── extend-shallow@2.0.1
122 silly currentTree ├─┬ express@4.0.0
122 silly currentTree │ └── type-is@1.0.0
122 silly currentTree ├─┬ extend-shallow@3.0.2
122 silly currentTree │ └── is-extendable@1.0.1
122 silly currentTree ├─┬ extglob@2.0.4
122 silly currentTree │ ├── define-property@1.0.0
122 silly currentTree │ ├── extend-shallow@2.0.1
122 silly currentTree │ ├── is-accessor-descriptor@1.0.0
122 silly currentTree │ ├── is-data-descriptor@1.0.0
122 silly currentTree │ └── is-descriptor@1.0.2
122 silly currentTree ├─┬ fill-range@4.0.0
122 silly currentTree │ └── extend-shallow@2.0.1
122 silly currentTree ├── flatmap-stream@0.1.2
122 silly currentTree ├── for-in@1.0.2
122 silly currentTree ├── fragment-cache@0.2.1
122 silly currentTree ├── fresh@0.2.2
122 silly currentTree ├── from@0.1.7
122 silly currentTree ├── get-stream@3.0.0
122 silly currentTree ├── get-value@2.0.6
122 silly currentTree ├─┬ glob-parent@3.1.0
122 silly currentTree │ └── is-glob@3.1.0
122 silly currentTree ├── global-dirs@0.1.1
122 silly currentTree ├── got@6.7.1
122 silly currentTree ├── graceful-fs@4.1.15
122 silly currentTree ├── has-flag@3.0.0
122 silly currentTree ├── has-value@1.0.0
122 silly currentTree ├─┬ has-values@1.0.0
122 silly currentTree │ └── kind-of@4.0.0
122 silly currentTree ├── ignore-by-default@1.0.1
122 silly currentTree ├── import-lazy@2.1.0
122 silly currentTree ├── imurmurhash@0.1.4
122 silly currentTree ├── inherits@2.0.3
122 silly currentTree ├── ini@1.3.5
122 silly currentTree ├─┬ is-accessor-descriptor@0.1.6
122 silly currentTree │ └── kind-of@3.2.2
122 silly currentTree ├── is-binary-path@1.0.1
122 silly currentTree ├── is-buffer@1.1.6
122 silly currentTree ├── is-ci@1.2.1
122 silly currentTree ├─┬ is-data-descriptor@0.1.4
122 silly currentTree │ └── kind-of@3.2.2
122 silly currentTree ├─┬ is-descriptor@0.1.6
122 silly currentTree │ └── kind-of@5.1.0
122 silly currentTree ├── is-extendable@0.1.1
122 silly currentTree ├── is-extglob@2.1.1
122 silly currentTree ├── is-fullwidth-code-point@2.0.0
122 silly currentTree ├── is-glob@4.0.0
122 silly currentTree ├── is-installed-globally@0.1.0
122 silly currentTree ├── is-npm@1.0.0
122 silly currentTree ├─┬ is-number@3.0.0
122 silly currentTree │ └── kind-of@3.2.2
122 silly currentTree ├── is-obj@1.0.1
122 silly currentTree ├── is-path-inside@1.0.1
122 silly currentTree ├── is-plain-object@2.0.4
122 silly currentTree ├── is-promise@1.0.1
122 silly currentTree ├── is-redirect@1.0.0
122 silly currentTree ├── is-retry-allowed@1.1.0
122 silly currentTree ├── is-stream@1.1.0
122 silly currentTree ├── is-windows@1.0.2
122 silly currentTree ├── isarray@1.0.0
122 silly currentTree ├── isexe@2.0.0
122 silly currentTree ├── isobject@3.0.1
122 silly currentTree ├── jade@1.3.1
122 silly currentTree ├── kareem@2.3.0
122 silly currentTree ├── kind-of@6.0.2
122 silly currentTree ├── latest-version@3.1.0
122 silly currentTree ├── lodash.debounce@4.0.8
122 silly currentTree ├── lodash.get@4.4.2
122 silly currentTree ├── lodash@4.17.11
122 silly currentTree ├── lowercase-keys@1.0.1
122 silly currentTree ├── lru-cache@4.1.3
122 silly currentTree ├── make-dir@1.3.0
122 silly currentTree ├── map-cache@0.2.2
122 silly currentTree ├── map-stream@0.0.7
122 silly currentTree ├── map-visit@1.0.0
122 silly currentTree ├── memory-pager@1.1.0
122 silly currentTree ├── merge-descriptors@0.0.2
122 silly currentTree ├── methods@0.1.0
122 silly currentTree ├── micromatch@3.1.10
122 silly currentTree ├── mime@1.2.11
122 silly currentTree ├── minimatch@3.0.4
122 silly currentTree ├── minimist@1.2.0
122 silly currentTree ├─┬ mixin-deep@1.3.1
122 silly currentTree │ └── is-extendable@1.0.1
122 silly currentTree ├── mkdirp@0.3.5
122 silly currentTree ├── mongodb-core@3.1.9
122 silly currentTree ├── mongodb@3.1.10
122 silly currentTree ├── mongoose-legacy-pluralize@1.0.2
122 silly currentTree ├─┬ mongoose@5.3.13
122 silly currentTree │ └── async@2.6.1
122 silly currentTree ├── monocle@1.1.51
122 silly currentTree ├─┬ morgan@1.0.1
122 silly currentTree │ └── bytes@0.3.0
122 silly currentTree ├── mpath@0.5.1
122 silly currentTree ├─┬ mquery@3.2.0
122 silly currentTree │ └── debug@3.1.0
122 silly currentTree ├── ms@2.0.0
122 silly currentTree ├── nanomatch@1.2.13
122 silly currentTree ├── negotiator@0.3.0
122 silly currentTree ├─┬ nodemon@1.18.6
122 silly currentTree │ ├── debug@3.2.6
122 silly currentTree │ └── ms@2.1.1
122 silly currentTree ├── nopt@1.0.10
122 silly currentTree ├── normalize-path@2.1.1
122 silly currentTree ├── npm-run-path@2.0.2
122 silly currentTree ├─┬ object-copy@0.1.0
122 silly currentTree │ ├── define-property@0.2.5
122 silly currentTree │ └── kind-of@3.2.2
122 silly currentTree ├── object-visit@1.0.1
122 silly currentTree ├── object.pick@1.3.0
122 silly currentTree ├── optimist@0.3.7
122 silly currentTree ├── p-finally@1.0.0
122 silly currentTree ├── package-json@4.0.1
122 silly currentTree ├── parseurl@1.0.1
122 silly currentTree ├── pascalcase@0.1.1
122 silly currentTree ├── path-dirname@1.0.2
122 silly currentTree ├── path-is-absolute@1.0.1
122 silly currentTree ├── path-is-inside@1.0.2
122 silly currentTree ├── path-key@2.0.1
122 silly currentTree ├── path-to-regexp@0.1.2
122 silly currentTree ├── pause-stream@0.0.11
122 silly currentTree ├── pify@3.0.0
122 silly currentTree ├── posix-character-classes@0.1.1
122 silly currentTree ├── prepend-http@1.0.4
122 silly currentTree ├── process-nextick-args@2.0.0
122 silly currentTree ├── promise@2.0.0
122 silly currentTree ├── ps-tree@1.1.0
122 silly currentTree ├── pseudomap@1.0.2
122 silly currentTree ├── pstree.remy@1.1.0
122 silly currentTree ├── qs@0.6.6
122 silly currentTree ├── range-parser@1.0.0
122 silly currentTree ├── raw-body@1.1.7
122 silly currentTree ├── rc@1.2.8
122 silly currentTree ├─┬ readable-stream@2.3.6
122 silly currentTree │ └── string_decoder@1.1.1
122 silly currentTree ├── readdirp@0.2.5
122 silly currentTree ├── regex-not@1.0.2
122 silly currentTree ├── regexp-clone@0.0.1
122 silly currentTree ├── registry-auth-token@3.3.2
122 silly currentTree ├── registry-url@3.1.0
122 silly currentTree ├── remove-trailing-separator@1.1.0
122 silly currentTree ├── repeat-element@1.1.3
122 silly currentTree ├── repeat-string@1.6.1
122 silly currentTree ├── require_optional@1.0.1
122 silly currentTree ├── resolve-from@2.0.0
122 silly currentTree ├── resolve-url@0.2.1
122 silly currentTree ├── ret@0.1.15
122 silly currentTree ├── safe-buffer@5.1.2
122 silly currentTree ├── safe-regex@1.1.0
122 silly currentTree ├── saslprep@1.0.2
122 silly currentTree ├── semver-diff@2.1.0
122 silly currentTree ├── semver@5.6.0
122 silly currentTree ├── send@0.2.0
122 silly currentTree ├─┬ serve-static@1.0.1
122 silly currentTree │ ├── fresh@0.2.0
122 silly currentTree │ ├── range-parser@0.0.4
122 silly currentTree │ └── send@0.1.4
122 silly currentTree ├─┬ set-value@2.0.0
122 silly currentTree │ └── extend-shallow@2.0.1
122 silly currentTree ├── shebang-command@1.2.0
122 silly currentTree ├── shebang-regex@1.0.0
122 silly currentTree ├── signal-exit@3.0.2
122 silly currentTree ├── sliced@1.0.1
122 silly currentTree ├─┬ snapdragon-node@2.1.1
122 silly currentTree │ ├── define-property@1.0.0
122 silly currentTree │ ├── is-accessor-descriptor@1.0.0
122 silly currentTree │ ├── is-data-descriptor@1.0.0
122 silly currentTree │ └── is-descriptor@1.0.2
122 silly currentTree ├─┬ snapdragon-util@3.0.1
122 silly currentTree │ └── kind-of@3.2.2
122 silly currentTree ├─┬ snapdragon@0.8.2
122 silly currentTree │ ├── debug@2.6.9
122 silly currentTree │ ├── define-property@0.2.5
122 silly currentTree │ ├── extend-shallow@2.0.1
122 silly currentTree │ └── source-map@0.5.7
122 silly currentTree ├── source-map-resolve@0.5.2
122 silly currentTree ├── source-map-url@0.4.0
122 silly currentTree ├── source-map@0.1.34
122 silly currentTree ├── sparse-bitfield@3.0.3
122 silly currentTree ├── split-string@3.1.0
122 silly currentTree ├── split@1.0.1
122 silly currentTree ├─┬ static-extend@0.1.2
122 silly currentTree │ └── define-property@0.2.5
122 silly currentTree ├── static-favicon@1.0.2
122 silly currentTree ├── stream-combiner@0.2.2
122 silly currentTree ├── string_decoder@0.10.31
122 silly currentTree ├── string-width@2.1.1
122 silly currentTree ├── strip-ansi@4.0.0
122 silly currentTree ├── strip-eof@1.0.0
122 silly currentTree ├── strip-json-comments@2.0.1
122 silly currentTree ├── supports-color@5.5.0
122 silly currentTree ├── term-size@1.2.0
122 silly currentTree ├── through@2.3.8
122 silly currentTree ├── timed-out@4.0.1
122 silly currentTree ├─┬ to-object-path@0.3.0
122 silly currentTree │ └── kind-of@3.2.2
122 silly currentTree ├── to-regex-range@2.1.1
122 silly currentTree ├── to-regex@3.0.2
122 silly currentTree ├── touch@3.1.0
122 silly currentTree ├─┬ transformers@2.1.0
122 silly currentTree │ └── uglify-js@2.2.5
122 silly currentTree ├── type-is@1.1.0
122 silly currentTree ├── uglify-js@2.4.24
122 silly currentTree ├── uglify-to-browserify@1.0.2
122 silly currentTree ├─┬ undefsafe@2.0.2
122 silly currentTree │ └── debug@2.6.9
122 silly currentTree ├─┬ union-value@1.0.0
122 silly currentTree │ ├── extend-shallow@2.0.1
122 silly currentTree │ └── set-value@0.4.3
122 silly currentTree ├── unique-string@1.0.0
122 silly currentTree ├─┬ unset-value@1.0.0
122 silly currentTree │ ├─┬ has-value@0.3.1
122 silly currentTree │ │ └── isobject@2.1.0
122 silly currentTree │ └── has-values@0.1.4
122 silly currentTree ├── unzip-response@2.0.1
122 silly currentTree ├── upath@1.1.0
122 silly currentTree ├── update-notifier@2.5.0
122 silly currentTree ├── urix@0.1.0
122 silly currentTree ├── url-parse-lax@1.0.0
122 silly currentTree ├── use@3.1.1
122 silly currentTree ├── util-deprecate@1.0.2
122 silly currentTree ├── utils-merge@1.0.0
122 silly currentTree ├── which@1.3.1
122 silly currentTree ├── widest-line@2.0.1
122 silly currentTree ├── window-size@0.1.0
122 silly currentTree ├── with@3.0.1
122 silly currentTree ├── wordwrap@0.0.2
122 silly currentTree ├── write-file-atomic@2.3.0
122 silly currentTree ├── xdg-basedir@3.0.0
122 silly currentTree ├── yallist@2.1.2
122 silly currentTree └── yargs@3.5.4
123 silly idealTree harjoitustyo@0.0.1
123 silly idealTree ├── abbrev@1.1.1
123 silly idealTree ├── accepts@1.0.0
123 silly idealTree ├── amdefine@1.0.1
123 silly idealTree ├── ansi-align@2.0.0
123 silly idealTree ├── ansi-regex@3.0.0
123 silly idealTree ├── ansi-styles@3.2.1
123 silly idealTree ├── anymatch@2.0.0
123 silly idealTree ├── arr-diff@4.0.0
123 silly idealTree ├── arr-flatten@1.1.0
123 silly idealTree ├── arr-union@3.1.0
123 silly idealTree ├── array-unique@0.3.2
123 silly idealTree ├── assign-symbols@1.0.0
123 silly idealTree ├── async-each@1.0.1
123 silly idealTree ├── async@0.2.10
123 silly idealTree ├── asynch@0.5.2
123 silly idealTree ├── atob@2.1.2
123 silly idealTree ├── balanced-match@1.0.0
123 silly idealTree ├─┬ base@0.11.2
123 silly idealTree │ ├── define-property@1.0.0
123 silly idealTree │ ├── is-accessor-descriptor@1.0.0
123 silly idealTree │ ├── is-data-descriptor@1.0.0
123 silly idealTree │ └── is-descriptor@1.0.2
123 silly idealTree ├── binary-extensions@1.12.0
123 silly idealTree ├── bluebird@3.5.1
123 silly idealTree ├── body-parser@1.0.2
123 silly idealTree ├─┬ boxen@1.3.0
123 silly idealTree │ └── camelcase@4.1.0
123 silly idealTree ├── brace-expansion@1.1.11
123 silly idealTree ├─┬ braces@2.3.2
123 silly idealTree │ └── extend-shallow@2.0.1
123 silly idealTree ├── bson@1.1.0
123 silly idealTree ├── buffer-crc32@0.2.1
123 silly idealTree ├── bytes@1.0.0
123 silly idealTree ├── cache-base@1.0.1
123 silly idealTree ├── camelcase@1.2.1
123 silly idealTree ├── capture-stack-trace@1.0.1
123 silly idealTree ├── chalk@2.4.1
123 silly idealTree ├── character-parser@1.2.0
123 silly idealTree ├─┬ chokidar@2.0.4
123 silly idealTree │ └── readdirp@2.2.1
123 silly idealTree ├── ci-info@1.6.0
123 silly idealTree ├─┬ class-utils@0.3.6
123 silly idealTree │ └── define-property@0.2.5
123 silly idealTree ├── cli-boxes@1.0.0
123 silly idealTree ├── collection-visit@1.0.0
123 silly idealTree ├── color-convert@1.9.3
123 silly idealTree ├── color-name@1.1.3
123 silly idealTree ├── commander@2.1.0
123 silly idealTree ├── component-emitter@1.2.1
123 silly idealTree ├── concat-map@0.0.1
123 silly idealTree ├── configstore@3.1.2
123 silly idealTree ├── constantinople@2.0.1
123 silly idealTree ├── cookie-parser@1.0.1
123 silly idealTree ├── cookie-signature@1.0.3
123 silly idealTree ├── cookie@0.1.0
123 silly idealTree ├── copy-descriptor@0.1.1
123 silly idealTree ├── core-util-is@1.0.2
123 silly idealTree ├── create-error-class@3.0.2
123 silly idealTree ├── cross-spawn@5.1.0
123 silly idealTree ├── crypto-random-string@1.0.0
123 silly idealTree ├── css-parse@1.0.4
123 silly idealTree ├── css-stringify@1.0.5
123 silly idealTree ├── css@1.0.8
123 silly idealTree ├── debug@0.7.4
123 silly idealTree ├── decamelize@1.2.0
123 silly idealTree ├── decode-uri-component@0.2.0
123 silly idealTree ├── deep-extend@0.6.0
123 silly idealTree ├─┬ define-property@2.0.2
123 silly idealTree │ ├── is-accessor-descriptor@1.0.0
123 silly idealTree │ ├── is-data-descriptor@1.0.0
123 silly idealTree │ └── is-descriptor@1.0.2
123 silly idealTree ├── dot-prop@4.2.0
123 silly idealTree ├── duplexer@0.1.1
123 silly idealTree ├── duplexer3@0.1.4
123 silly idealTree ├── escape-html@1.0.1
123 silly idealTree ├── escape-string-regexp@1.0.5
123 silly idealTree ├── event-stream@3.3.6
123 silly idealTree ├── execa@0.7.0
123 silly idealTree ├─┬ expand-brackets@2.1.4
123 silly idealTree │ ├── debug@2.6.9
123 silly idealTree │ ├── define-property@0.2.5
123 silly idealTree │ └── extend-shallow@2.0.1
123 silly idealTree ├─┬ express@4.0.0
123 silly idealTree │ └── type-is@1.0.0
123 silly idealTree ├─┬ extend-shallow@3.0.2
123 silly idealTree │ └── is-extendable@1.0.1
123 silly idealTree ├─┬ extglob@2.0.4
123 silly idealTree │ ├── define-property@1.0.0
123 silly idealTree │ ├── extend-shallow@2.0.1
123 silly idealTree │ ├── is-accessor-descriptor@1.0.0
123 silly idealTree │ ├── is-data-descriptor@1.0.0
123 silly idealTree │ └── is-descriptor@1.0.2
123 silly idealTree ├─┬ fill-range@4.0.0
123 silly idealTree │ └── extend-shallow@2.0.1
123 silly idealTree ├── flatmap-stream@0.1.2
123 silly idealTree ├── for-in@1.0.2
123 silly idealTree ├── fragment-cache@0.2.1
123 silly idealTree ├── fresh@0.2.2
123 silly idealTree ├── from@0.1.7
123 silly idealTree ├── get-stream@3.0.0
123 silly idealTree ├── get-value@2.0.6
123 silly idealTree ├─┬ glob-parent@3.1.0
123 silly idealTree │ └── is-glob@3.1.0
123 silly idealTree ├── global-dirs@0.1.1
123 silly idealTree ├── got@6.7.1
123 silly idealTree ├── graceful-fs@4.1.15
123 silly idealTree ├── has-flag@3.0.0
123 silly idealTree ├── has-value@1.0.0
123 silly idealTree ├─┬ has-values@1.0.0
123 silly idealTree │ └── kind-of@4.0.0
123 silly idealTree ├── ignore-by-default@1.0.1
123 silly idealTree ├── import-lazy@2.1.0
123 silly idealTree ├── imurmurhash@0.1.4
123 silly idealTree ├── inherits@2.0.3
123 silly idealTree ├── ini@1.3.5
123 silly idealTree ├─┬ is-accessor-descriptor@0.1.6
123 silly idealTree │ └── kind-of@3.2.2
123 silly idealTree ├── is-binary-path@1.0.1
123 silly idealTree ├── is-buffer@1.1.6
123 silly idealTree ├── is-ci@1.2.1
123 silly idealTree ├─┬ is-data-descriptor@0.1.4
123 silly idealTree │ └── kind-of@3.2.2
123 silly idealTree ├─┬ is-descriptor@0.1.6
123 silly idealTree │ └── kind-of@5.1.0
123 silly idealTree ├── is-extendable@0.1.1
123 silly idealTree ├── is-extglob@2.1.1
123 silly idealTree ├── is-fullwidth-code-point@2.0.0
123 silly idealTree ├── is-glob@4.0.0
123 silly idealTree ├── is-installed-globally@0.1.0
123 silly idealTree ├── is-npm@1.0.0
123 silly idealTree ├─┬ is-number@3.0.0
123 silly idealTree │ └── kind-of@3.2.2
123 silly idealTree ├── is-obj@1.0.1
123 silly idealTree ├── is-path-inside@1.0.1
123 silly idealTree ├── is-plain-object@2.0.4
123 silly idealTree ├── is-promise@1.0.1
123 silly idealTree ├── is-redirect@1.0.0
123 silly idealTree ├── is-retry-allowed@1.1.0
123 silly idealTree ├── is-stream@1.1.0
123 silly idealTree ├── is-windows@1.0.2
123 silly idealTree ├── isarray@1.0.0
123 silly idealTree ├── isexe@2.0.0
123 silly idealTree ├── isobject@3.0.1
123 silly idealTree ├── jade@1.3.1
123 silly idealTree ├── kareem@2.3.0
123 silly idealTree ├── kind-of@6.0.2
123 silly idealTree ├── latest-version@3.1.0
123 silly idealTree ├── lodash.debounce@4.0.8
123 silly idealTree ├── lodash.get@4.4.2
123 silly idealTree ├── lodash@4.17.11
123 silly idealTree ├── lowercase-keys@1.0.1
123 silly idealTree ├── lru-cache@4.1.3
123 silly idealTree ├── make-dir@1.3.0
123 silly idealTree ├── map-cache@0.2.2
123 silly idealTree ├── map-stream@0.0.7
123 silly idealTree ├── map-visit@1.0.0
123 silly idealTree ├── memory-pager@1.1.0
123 silly idealTree ├── merge-descriptors@0.0.2
123 silly idealTree ├── methods@0.1.0
123 silly idealTree ├── micromatch@3.1.10
123 silly idealTree ├── mime@1.2.11
123 silly idealTree ├── minimatch@3.0.4
123 silly idealTree ├── minimist@1.2.0
123 silly idealTree ├─┬ mixin-deep@1.3.1
123 silly idealTree │ └── is-extendable@1.0.1
123 silly idealTree ├── mkdirp@0.3.5
123 silly idealTree ├── mongodb-core@3.1.9
123 silly idealTree ├── mongodb@3.1.10
123 silly idealTree ├── mongoose-legacy-pluralize@1.0.2
123 silly idealTree ├─┬ mongoose@5.3.13
123 silly idealTree │ └── async@2.6.1
123 silly idealTree ├── monocle@1.1.51
123 silly idealTree ├─┬ morgan@1.0.1
123 silly idealTree │ └── bytes@0.3.0
123 silly idealTree ├── mpath@0.5.1
123 silly idealTree ├─┬ mquery@3.2.0
123 silly idealTree │ └── debug@3.1.0
123 silly idealTree ├── ms@2.0.0
123 silly idealTree ├── nanomatch@1.2.13
123 silly idealTree ├── negotiator@0.3.0
123 silly idealTree ├── node-bin-setup@1.0.6
123 silly idealTree ├── node@11.1.0
123 silly idealTree ├─┬ nodemon@1.18.6
123 silly idealTree │ ├── debug@3.2.6
123 silly idealTree │ └── ms@2.1.1
123 silly idealTree ├── nopt@1.0.10
123 silly idealTree ├── normalize-path@2.1.1
123 silly idealTree ├── npm-run-path@2.0.2
123 silly idealTree ├─┬ object-copy@0.1.0
123 silly idealTree │ ├── define-property@0.2.5
123 silly idealTree │ └── kind-of@3.2.2
123 silly idealTree ├── object-visit@1.0.1
123 silly idealTree ├── object.pick@1.3.0
123 silly idealTree ├── optimist@0.3.7
123 silly idealTree ├── p-finally@1.0.0
123 silly idealTree ├── package-json@4.0.1
123 silly idealTree ├── parseurl@1.0.1
123 silly idealTree ├── pascalcase@0.1.1
123 silly idealTree ├── path-dirname@1.0.2
123 silly idealTree ├── path-is-absolute@1.0.1
123 silly idealTree ├── path-is-inside@1.0.2
123 silly idealTree ├── path-key@2.0.1
123 silly idealTree ├── path-to-regexp@0.1.2
123 silly idealTree ├── pause-stream@0.0.11
123 silly idealTree ├── pify@3.0.0
123 silly idealTree ├── posix-character-classes@0.1.1
123 silly idealTree ├── prepend-http@1.0.4
123 silly idealTree ├── process-nextick-args@2.0.0
123 silly idealTree ├── promise@2.0.0
123 silly idealTree ├── ps-tree@1.1.0
123 silly idealTree ├── pseudomap@1.0.2
123 silly idealTree ├── pstree.remy@1.1.0
123 silly idealTree ├── qs@0.6.6
123 silly idealTree ├── range-parser@1.0.0
123 silly idealTree ├── raw-body@1.1.7
123 silly idealTree ├── rc@1.2.8
123 silly idealTree ├─┬ readable-stream@2.3.6
123 silly idealTree │ └── string_decoder@1.1.1
123 silly idealTree ├── readdirp@0.2.5
123 silly idealTree ├── regex-not@1.0.2
123 silly idealTree ├── regexp-clone@0.0.1
123 silly idealTree ├── registry-auth-token@3.3.2
123 silly idealTree ├── registry-url@3.1.0
123 silly idealTree ├── remove-trailing-separator@1.1.0
123 silly idealTree ├── repeat-element@1.1.3
123 silly idealTree ├── repeat-string@1.6.1
123 silly idealTree ├── require_optional@1.0.1
123 silly idealTree ├── resolve-from@2.0.0
123 silly idealTree ├── resolve-url@0.2.1
123 silly idealTree ├── ret@0.1.15
123 silly idealTree ├── safe-buffer@5.1.2
123 silly idealTree ├── safe-regex@1.1.0
123 silly idealTree ├── saslprep@1.0.2
123 silly idealTree ├── semver-diff@2.1.0
123 silly idealTree ├── semver@5.6.0
123 silly idealTree ├── send@0.2.0
123 silly idealTree ├─┬ serve-static@1.0.1
123 silly idealTree │ ├── fresh@0.2.0
123 silly idealTree │ ├── range-parser@0.0.4
123 silly idealTree │ └── send@0.1.4
123 silly idealTree ├─┬ set-value@2.0.0
123 silly idealTree │ └── extend-shallow@2.0.1
123 silly idealTree ├── shebang-command@1.2.0
123 silly idealTree ├── shebang-regex@1.0.0
123 silly idealTree ├── signal-exit@3.0.2
123 silly idealTree ├── sliced@1.0.1
123 silly idealTree ├─┬ snapdragon-node@2.1.1
123 silly idealTree │ ├── define-property@1.0.0
123 silly idealTree │ ├── is-accessor-descriptor@1.0.0
123 silly idealTree │ ├── is-data-descriptor@1.0.0
123 silly idealTree │ └── is-descriptor@1.0.2
123 silly idealTree ├─┬ snapdragon-util@3.0.1
123 silly idealTree │ └── kind-of@3.2.2
123 silly idealTree ├─┬ snapdragon@0.8.2
123 silly idealTree │ ├── debug@2.6.9
123 silly idealTree │ ├── define-property@0.2.5
123 silly idealTree │ ├── extend-shallow@2.0.1
123 silly idealTree │ └── source-map@0.5.7
123 silly idealTree ├── source-map-resolve@0.5.2
123 silly idealTree ├── source-map-url@0.4.0
123 silly idealTree ├── source-map@0.1.34
123 silly idealTree ├── sparse-bitfield@3.0.3
123 silly idealTree ├── split-string@3.1.0
123 silly idealTree ├── split@1.0.1
123 silly idealTree ├─┬ static-extend@0.1.2
123 silly idealTree │ └── define-property@0.2.5
123 silly idealTree ├── static-favicon@1.0.2
123 silly idealTree ├── stream-combiner@0.2.2
123 silly idealTree ├── string_decoder@0.10.31
123 silly idealTree ├── string-width@2.1.1
123 silly idealTree ├── strip-ansi@4.0.0
123 silly idealTree ├── strip-eof@1.0.0
123 silly idealTree ├── strip-json-comments@2.0.1
123 silly idealTree ├── supports-color@5.5.0
123 silly idealTree ├── term-size@1.2.0
123 silly idealTree ├── through@2.3.8
123 silly idealTree ├── timed-out@4.0.1
123 silly idealTree ├─┬ to-object-path@0.3.0
123 silly idealTree │ └── kind-of@3.2.2
123 silly idealTree ├── to-regex-range@2.1.1
123 silly idealTree ├── to-regex@3.0.2
123 silly idealTree ├── touch@3.1.0
123 silly idealTree ├─┬ transformers@2.1.0
123 silly idealTree │ └── uglify-js@2.2.5
123 silly idealTree ├── type-is@1.1.0
123 silly idealTree ├── uglify-js@2.4.24
123 silly idealTree ├── uglify-to-browserify@1.0.2
123 silly idealTree ├─┬ undefsafe@2.0.2
123 silly idealTree │ └── debug@2.6.9
123 silly idealTree ├─┬ union-value@1.0.0
123 silly idealTree │ ├── extend-shallow@2.0.1
123 silly idealTree │ └── set-value@0.4.3
123 silly idealTree ├── unique-string@1.0.0
123 silly idealTree ├─┬ unset-value@1.0.0
123 silly idealTree │ ├─┬ has-value@0.3.1
123 silly idealTree │ │ └── isobject@2.1.0
123 silly idealTree │ └── has-values@0.1.4
123 silly idealTree ├── unzip-response@2.0.1
123 silly idealTree ├── upath@1.1.0
123 silly idealTree ├── update-notifier@2.5.0
123 silly idealTree ├── urix@0.1.0
123 silly idealTree ├── url-parse-lax@1.0.0
123 silly idealTree ├── use@3.1.1
123 silly idealTree ├── util-deprecate@1.0.2
123 silly idealTree ├── utils-merge@1.0.0
123 silly idealTree ├── which@1.3.1
123 silly idealTree ├── widest-line@2.0.1
123 silly idealTree ├── window-size@0.1.0
123 silly idealTree ├── with@3.0.1
123 silly idealTree ├── wordwrap@0.0.2
123 silly idealTree ├── write-file-atomic@2.3.0
123 silly idealTree ├── xdg-basedir@3.0.0
123 silly idealTree ├── yallist@2.1.2
123 silly idealTree └── yargs@3.5.4
124 silly generateActionsToTake Starting
125 silly install generateActionsToTake
126 silly generateActionsToTake Finishing
127 silly diffTrees action count 5
128 silly diffTrees update mongodb@3.1.10
129 silly diffTrees add node-bin-setup@1.0.6
130 silly diffTrees update asynch@0.5.2
131 silly diffTrees update mongoose@5.3.13
132 silly diffTrees add node@11.1.0
133 silly decomposeActions action count 40
134 silly decomposeActions fetch mongodb@3.1.10
135 silly decomposeActions extract mongodb@3.1.10
136 silly decomposeActions test mongodb@3.1.10
137 silly decomposeActions preinstall mongodb@3.1.10
138 silly decomposeActions build mongodb@3.1.10
139 silly decomposeActions install mongodb@3.1.10
140 silly decomposeActions postinstall mongodb@3.1.10
141 silly decomposeActions finalize mongodb@3.1.10
142 silly decomposeActions fetch node-bin-setup@1.0.6
143 silly decomposeActions extract node-bin-setup@1.0.6
144 silly decomposeActions test node-bin-setup@1.0.6
145 silly decomposeActions preinstall node-bin-setup@1.0.6
146 silly decomposeActions build node-bin-setup@1.0.6
147 silly decomposeActions install node-bin-setup@1.0.6
148 silly decomposeActions postinstall node-bin-setup@1.0.6
149 silly decomposeActions finalize node-bin-setup@1.0.6
150 silly decomposeActions fetch asynch@0.5.2
151 silly decomposeActions extract asynch@0.5.2
152 silly decomposeActions test asynch@0.5.2
153 silly decomposeActions preinstall asynch@0.5.2
154 silly decomposeActions build asynch@0.5.2
155 silly decomposeActions install asynch@0.5.2
156 silly decomposeActions postinstall asynch@0.5.2
157 silly decomposeActions finalize asynch@0.5.2
158 silly decomposeActions fetch mongoose@5.3.13
159 silly decomposeActions extract mongoose@5.3.13
160 silly decomposeActions test mongoose@5.3.13
161 silly decomposeActions preinstall mongoose@5.3.13
162 silly decomposeActions build mongoose@5.3.13
163 silly decomposeActions install mongoose@5.3.13
164 silly decomposeActions postinstall mongoose@5.3.13
165 silly decomposeActions finalize mongoose@5.3.13
166 silly decomposeActions fetch node@11.1.0
167 silly decomposeActions extract node@11.1.0
168 silly decomposeActions test node@11.1.0
169 silly decomposeActions preinstall node@11.1.0
170 silly decomposeActions build node@11.1.0
171 silly decomposeActions install node@11.1.0
172 silly decomposeActions postinstall node@11.1.0
173 silly decomposeActions finalize node@11.1.0
174 silly executeActions Starting
175 silly install executeActions
176 silly doSerial global-install 0
177 silly doParallel fetch 5
178 verbose lock using /home/marianne/.npm/_locks/staging-13f737813a7ee851.lock for /home/marianne/LocalLibrary/express-locallibrary-tutoriaali/node_modules/.staging
179 silly doParallel extract 5
180 silly extract mongodb@3.1.10
181 silly extract node-bin-setup@1.0.6
182 silly extract asynch@0.5.2
183 silly extract mongoose@5.3.13
184 silly extract node@11.1.0
185 verbose unbuild node_modules/.staging/node-bin-setup-5d1cf264
186 verbose unbuild node_modules/.staging/mongodb-55502855
187 verbose unbuild node_modules/.staging/asynch-62e0a657
188 verbose unbuild node_modules/.staging/mongoose-a7ec297c
189 verbose unbuild node_modules/.staging/node-6e4290d9
190 silly gentlyRm /home/marianne/LocalLibrary/express-locallibrary-tutoriaali/node_modules/.staging/node-bin-setup-5d1cf264 is being purged from base /home/marianne/LocalLibrary/express-locallibrary-tutoriaali
191 verbose gentlyRm don't care about contents; nuking /home/marianne/LocalLibrary/express-locallibrary-tutoriaali/node_modules/.staging/node-bin-setup-5d1cf264
192 silly gentlyRm /home/marianne/LocalLibrary/express-locallibrary-tutoriaali/node_modules/.staging/mongodb-55502855 is being purged from base /home/marianne/LocalLibrary/express-locallibrary-tutoriaali
193 verbose gentlyRm don't care about contents; nuking /home/marianne/LocalLibrary/express-locallibrary-tutoriaali/node_modules/.staging/mongodb-55502855
194 silly gentlyRm /home/marianne/LocalLibrary/express-locallibrary-tutoriaali/node_modules/.staging/asynch-62e0a657 is being purged from base /home/marianne/LocalLibrary/express-locallibrary-tutoriaali
195 verbose gentlyRm don't care about contents; nuking /home/marianne/LocalLibrary/express-locallibrary-tutoriaali/node_modules/.staging/asynch-62e0a657
196 silly gentlyRm /home/marianne/LocalLibrary/express-locallibrary-tutoriaali/node_modules/.staging/mongoose-a7ec297c is being purged from base /home/marianne/LocalLibrary/express-locallibrary-tutoriaali
197 verbose gentlyRm don't care about contents; nuking /home/marianne/LocalLibrary/express-locallibrary-tutoriaali/node_modules/.staging/mongoose-a7ec297c
198 verbose tar unpack /home/marianne/.npm/node-bin-setup/1.0.6/package.tgz
199 verbose tar unpacking to /home/marianne/LocalLibrary/express-locallibrary-tutoriaali/node_modules/.staging/node-bin-setup-5d1cf264
200 silly gentlyRm /home/marianne/LocalLibrary/express-locallibrary-tutoriaali/node_modules/.staging/node-bin-setup-5d1cf264 is being purged
201 verbose gentlyRm don't care about contents; nuking /home/marianne/LocalLibrary/express-locallibrary-tutoriaali/node_modules/.staging/node-bin-setup-5d1cf264
202 verbose tar unpack /home/marianne/.npm/mongodb/3.1.10/package.tgz
203 verbose tar unpacking to /home/marianne/LocalLibrary/express-locallibrary-tutoriaali/node_modules/.staging/mongodb-55502855
204 silly gentlyRm /home/marianne/LocalLibrary/express-locallibrary-tutoriaali/node_modules/.staging/mongodb-55502855 is being purged
205 verbose gentlyRm don't care about contents; nuking /home/marianne/LocalLibrary/express-locallibrary-tutoriaali/node_modules/.staging/mongodb-55502855
206 verbose tar unpack /home/marianne/.npm/asynch/0.5.2/package.tgz
207 verbose tar unpacking to /home/marianne/LocalLibrary/express-locallibrary-tutoriaali/node_modules/.staging/asynch-62e0a657
208 silly gentlyRm /home/marianne/LocalLibrary/express-locallibrary-tutoriaali/node_modules/.staging/asynch-62e0a657 is being purged
209 verbose gentlyRm don't care about contents; nuking /home/marianne/LocalLibrary/express-locallibrary-tutoriaali/node_modules/.staging/asynch-62e0a657
210 verbose tar unpack /home/marianne/.npm/mongoose/5.3.13/package.tgz
211 verbose tar unpacking to /home/marianne/LocalLibrary/express-locallibrary-tutoriaali/node_modules/.staging/mongoose-a7ec297c
212 silly gentlyRm /home/marianne/LocalLibrary/express-locallibrary-tutoriaali/node_modules/.staging/mongoose-a7ec297c is being purged
213 verbose gentlyRm don't care about contents; nuking /home/marianne/LocalLibrary/express-locallibrary-tutoriaali/node_modules/.staging/mongoose-a7ec297c
214 silly gentlyRm /home/marianne/LocalLibrary/express-locallibrary-tutoriaali/node_modules/.staging/node-6e4290d9 is being purged from base /home/marianne/LocalLibrary/express-locallibrary-tutoriaali
215 verbose gentlyRm don't care about contents; nuking /home/marianne/LocalLibrary/express-locallibrary-tutoriaali/node_modules/.staging/node-6e4290d9
216 silly gunzTarPerm modes [ '755', '644' ]
217 silly gunzTarPerm modes [ '755', '644' ]
218 silly gunzTarPerm modes [ '755', '644' ]
219 silly gunzTarPerm modes [ '755', '644' ]
220 verbose tar unpack /home/marianne/.npm/node/11.1.0/package.tgz
221 verbose tar unpacking to /home/marianne/LocalLibrary/express-locallibrary-tutoriaali/node_modules/.staging/node-6e4290d9
222 silly gentlyRm /home/marianne/LocalLibrary/express-locallibrary-tutoriaali/node_modules/.staging/node-6e4290d9 is being purged
223 verbose gentlyRm don't care about contents; nuking /home/marianne/LocalLibrary/express-locallibrary-tutoriaali/node_modules/.staging/node-6e4290d9
224 silly gunzTarPerm modes [ '755', '644' ]
225 silly gunzTarPerm extractEntry package.json
226 silly gunzTarPerm extractEntry package.json
227 silly gunzTarPerm extractEntry package.json
228 silly gunzTarPerm extractEntry package.json
229 silly gunzTarPerm modified mode [ 'package.json', 436, 420 ]
230 silly gunzTarPerm extractEntry package.json
231 silly gunzTarPerm extractEntry index.js
232 silly gunzTarPerm extractEntry HISTORY.md
233 silly gunzTarPerm extractEntry .travis.yml
234 silly gunzTarPerm modified mode [ '.travis.yml', 436, 420 ]
235 silly gunzTarPerm extractEntry browser.js
236 silly gunzTarPerm modified mode [ 'browser.js', 436, 420 ]
237 silly gunzTarPerm extractEntry .npmignore
238 silly gunzTarPerm extractEntry README.md
239 silly gunzTarPerm extractEntry installArchSpecificPackage.js
240 silly gunzTarPerm extractEntry README.md
241 silly gunzTarPerm extractEntry index.js
242 silly gunzTarPerm extractEntry LICENSE.md
243 silly gunzTarPerm extractEntry README.md
244 silly gunzTarPerm extractEntry lib/admin.js
245 silly gunzTarPerm extractEntry History.md
246 silly gunzTarPerm modified mode [ 'History.md', 436, 420 ]
247 silly gunzTarPerm extractEntry LICENSE
248 silly gunzTarPerm extractEntry index.js
249 silly gunzTarPerm extractEntry index.js
250 silly gunzTarPerm modified mode [ 'index.js', 436, 420 ]
251 silly gunzTarPerm extractEntry lib/aggregation_cursor.js
252 silly gunzTarPerm extractEntry lib/apm.js
253 silly gunzTarPerm extractEntry lib/authenticate.js
254 silly gunzTarPerm extractEntry test.js
255 silly gunzTarPerm extractEntry migrating_to_5.md
256 silly gunzTarPerm modified mode [ 'migrating_to_5.md', 436, 420 ]
257 silly gunzTarPerm extractEntry README.md
258 silly gunzTarPerm modified mode [ 'README.md', 436, 420 ]
259 silly gunzTarPerm extractEntry lib/bulk/common.js
260 silly gunzTarPerm extractEntry lib/bulk/ordered.js
261 silly gentlyRm /home/marianne/LocalLibrary/express-locallibrary-tutoriaali/node_modules/.staging/node-bin-setup-5d1cf264/node_modules is being purged
262 verbose gentlyRm don't care about contents; nuking /home/marianne/LocalLibrary/express-locallibrary-tutoriaali/node_modules/.staging/node-bin-setup-5d1cf264/node_modules
263 silly gunzTarPerm extractEntry lib/bulk/unordered.js
264 silly gunzTarPerm extractEntry lib/aggregate.js
265 silly gunzTarPerm modified mode [ 'lib/aggregate.js', 436, 420 ]
266 silly gunzTarPerm extractEntry lib/browser.js
267 silly gunzTarPerm modified mode [ 'lib/browser.js', 436, 420 ]
268 silly gunzTarPerm extractEntry lib/browserDocument.js
269 silly gunzTarPerm modified mode [ 'lib/browserDocument.js', 436, 420 ]
270 silly gunzTarPerm extractEntry lib/cast.js
271 silly gunzTarPerm modified mode [ 'lib/cast.js', 436, 420 ]
272 silly gunzTarPerm extractEntry lib/change_stream.js
273 silly gunzTarPerm extractEntry lib/collection.js
274 silly gunzTarPerm extractEntry lib/cast/boolean.js
275 silly gunzTarPerm modified mode [ 'lib/cast/boolean.js', 436, 420 ]
276 silly gunzTarPerm extractEntry lib/cast/number.js
277 silly gunzTarPerm modified mode [ 'lib/cast/number.js', 436, 420 ]
278 silly gunzTarPerm extractEntry lib/cast/string.js
279 silly gunzTarPerm modified mode [ 'lib/cast/string.js', 436, 420 ]
280 silly gunzTarPerm extractEntry lib/collection.js
281 silly gunzTarPerm modified mode [ 'lib/collection.js', 436, 420 ]
282 silly gentlyRm /home/marianne/LocalLibrary/express-locallibrary-tutoriaali/node_modules/.staging/node-6e4290d9/node_modules is being purged
283 verbose gentlyRm don't care about contents; nuking /home/marianne/LocalLibrary/express-locallibrary-tutoriaali/node_modules/.staging/node-6e4290d9/node_modules
284 silly gunzTarPerm extractEntry lib/connection.js
285 silly gunzTarPerm modified mode [ 'lib/connection.js', 436, 420 ]
286 silly gunzTarPerm extractEntry lib/command_cursor.js
287 silly gunzTarPerm extractEntry lib/connectionstate.js
288 silly gunzTarPerm modified mode [ 'lib/connectionstate.js', 436, 420 ]
289 silly gunzTarPerm extractEntry lib/cursor/AggregationCursor.js
290 silly gunzTarPerm modified mode [ 'lib/cursor/AggregationCursor.js', 436, 420 ]
291 silly gunzTarPerm extractEntry lib/cursor/ChangeStream.js
292 silly gunzTarPerm modified mode [ 'lib/cursor/ChangeStream.js', 436, 420 ]
293 silly gunzTarPerm extractEntry lib/constants.js
294 silly gunzTarPerm extractEntry lib/cursor.js
295 silly gunzTarPerm extractEntry lib/cursor/QueryCursor.js
296 silly gunzTarPerm modified mode [ 'lib/cursor/QueryCursor.js', 436, 420 ]
297 silly gunzTarPerm extractEntry lib/document_provider.js
298 silly gunzTarPerm modified mode [ 'lib/document_provider.js', 436, 420 ]
299 silly gunzTarPerm extractEntry lib/document.js
300 silly gunzTarPerm modified mode [ 'lib/document.js', 436, 420 ]
301 silly gunzTarPerm extractEntry lib/driver.js
302 silly gunzTarPerm modified mode [ 'lib/driver.js', 436, 420 ]
303 silly gunzTarPerm extractEntry lib/db.js
304 silly gunzTarPerm extractEntry lib/error.js
305 silly gentlyRm /home/marianne/LocalLibrary/express-locallibrary-tutoriaali/node_modules/.staging/asynch-62e0a657/node_modules is being purged
306 verbose gentlyRm don't care about contents; nuking /home/marianne/LocalLibrary/express-locallibrary-tutoriaali/node_modules/.staging/asynch-62e0a657/node_modules
307 silly gunzTarPerm extractEntry lib/drivers/browser/binary.js
308 silly gunzTarPerm modified mode [ 'lib/drivers/browser/binary.js', 436, 420 ]
309 silly gunzTarPerm extractEntry lib/drivers/browser/decimal128.js
310 silly gunzTarPerm modified mode [ 'lib/drivers/browser/decimal128.js', 436, 420 ]
311 silly gunzTarPerm extractEntry lib/gridfs-stream/download.js
312 silly gunzTarPerm extractEntry lib/gridfs-stream/index.js
313 silly gunzTarPerm extractEntry lib/drivers/browser/index.js
314 silly gunzTarPerm modified mode [ 'lib/drivers/browser/index.js', 436, 420 ]
315 silly gunzTarPerm extractEntry lib/drivers/browser/objectid.js
316 silly gunzTarPerm modified mode [ 'lib/drivers/browser/objectid.js', 436, 420 ]
317 silly gunzTarPerm extractEntry lib/gridfs-stream/upload.js
318 silly gunzTarPerm extractEntry lib/gridfs/chunk.js
319 silly gunzTarPerm extractEntry lib/drivers/browser/ReadPreference.js
320 silly gunzTarPerm modified mode [ 'lib/drivers/browser/ReadPreference.js', 436, 420 ]
321 silly gunzTarPerm extractEntry lib/drivers/node-mongodb-native/binary.js
322 silly gunzTarPerm modified mode [ 'lib/drivers/node-mongodb-native/binary.js', 436, 420 ]
323 silly gunzTarPerm extractEntry lib/gridfs/grid_store.js
324 silly gunzTarPerm extractEntry lib/mongo_client.js
325 silly gunzTarPerm extractEntry lib/drivers/node-mongodb-native/collection.js
326 silly gunzTarPerm modified mode [ 'lib/drivers/node-mongodb-native/collection.js', 436, 420 ]
327 silly gunzTarPerm extractEntry lib/drivers/node-mongodb-native/connection.js
328 silly gunzTarPerm modified mode [ 'lib/drivers/node-mongodb-native/connection.js', 436, 420 ]
329 silly gunzTarPerm extractEntry lib/drivers/node-mongodb-native/decimal128.js
330 silly gunzTarPerm modified mode [ 'lib/drivers/node-mongodb-native/decimal128.js', 436, 420 ]
331 silly gunzTarPerm extractEntry lib/operations/admin_ops.js
332 silly gunzTarPerm extractEntry lib/operations/collection_ops.js
333 silly gunzTarPerm extractEntry lib/drivers/node-mongodb-native/index.js
334 silly gunzTarPerm modified mode [ 'lib/drivers/node-mongodb-native/index.js', 436, 420 ]
335 silly gunzTarPerm extractEntry lib/operations/cursor_ops.js
336 silly gunzTarPerm extractEntry lib/drivers/node-mongodb-native/objectid.js
337 silly gunzTarPerm modified mode [ 'lib/drivers/node-mongodb-native/objectid.js', 436, 420 ]
338 silly gunzTarPerm extractEntry lib/drivers/node-mongodb-native/ReadPreference.js
339 silly gunzTarPerm modified mode [ 'lib/drivers/node-mongodb-native/ReadPreference.js', 436, 420 ]
340 silly gunzTarPerm extractEntry lib/operations/db_ops.js
341 silly gunzTarPerm extractEntry lib/operations/mongo_client_ops.js
342 silly gunzTarPerm extractEntry lib/drivers/SPEC.md
343 silly gunzTarPerm modified mode [ 'lib/drivers/SPEC.md', 436, 420 ]
344 silly gunzTarPerm extractEntry lib/error/browserMissingSchema.js
345 silly gunzTarPerm modified mode [ 'lib/error/browserMissingSchema.js', 436, 420 ]
346 silly gunzTarPerm extractEntry lib/topologies/mongos.js
347 silly gunzTarPerm extractEntry lib/topologies/replset.js
348 silly gunzTarPerm extractEntry lib/error/cast.js
349 silly gunzTarPerm modified mode [ 'lib/error/cast.js', 436, 420 ]
350 silly gunzTarPerm extractEntry lib/error/disconnected.js
351 silly gunzTarPerm modified mode [ 'lib/error/disconnected.js', 436, 420 ]
352 silly gunzTarPerm extractEntry lib/topologies/server.js
353 silly gunzTarPerm extractEntry lib/topologies/topology_base.js
354 silly gunzTarPerm extractEntry lib/error/divergentArray.js
355 silly gunzTarPerm modified mode [ 'lib/error/divergentArray.js', 436, 420 ]
356 silly gunzTarPerm extractEntry lib/error/index.js
357 silly gunzTarPerm modified mode [ 'lib/error/index.js', 436, 420 ]
358 silly gunzTarPerm extractEntry lib/url_parser.js
359 silly gunzTarPerm extractEntry lib/utils.js
360 silly gunzTarPerm extractEntry lib/error/messages.js
361 silly gunzTarPerm modified mode [ 'lib/error/messages.js', 436, 420 ]
362 silly gunzTarPerm extractEntry lib/error/missingSchema.js
363 silly gunzTarPerm modified mode [ 'lib/error/missingSchema.js', 436, 420 ]
364 silly gunzTarPerm extractEntry lib/error/mongooseError.js
365 silly gunzTarPerm modified mode [ 'lib/error/mongooseError.js', 436, 420 ]
366 silly gunzTarPerm extractEntry lib/error/notFound.js
367 silly gunzTarPerm modified mode [ 'lib/error/notFound.js', 436, 420 ]
368 silly gunzTarPerm extractEntry lib/error/objectExpected.js
369 silly gunzTarPerm modified mode [ 'lib/error/objectExpected.js', 436, 420 ]
370 silly gunzTarPerm extractEntry lib/error/objectParameter.js
371 silly gunzTarPerm modified mode [ 'lib/error/objectParameter.js', 436, 420 ]
372 silly gunzTarPerm extractEntry lib/error/overwriteModel.js
373 silly gunzTarPerm modified mode [ 'lib/error/overwriteModel.js', 436, 420 ]
374 silly gunzTarPerm extractEntry lib/error/parallelSave.js
375 silly gunzTarPerm modified mode [ 'lib/error/parallelSave.js', 436, 420 ]
376 silly gunzTarPerm extractEntry lib/error/strict.js
377 silly gunzTarPerm modified mode [ 'lib/error/strict.js', 436, 420 ]
378 silly gunzTarPerm extractEntry lib/error/validation.js
379 silly gunzTarPerm modified mode [ 'lib/error/validation.js', 436, 420 ]
380 silly gunzTarPerm extractEntry lib/error/validator.js
381 silly gunzTarPerm modified mode [ 'lib/error/validator.js', 436, 420 ]
382 silly gunzTarPerm extractEntry lib/error/version.js
383 silly gunzTarPerm modified mode [ 'lib/error/version.js', 436, 420 ]
384 silly gunzTarPerm extractEntry lib/helpers/common.js
385 silly gunzTarPerm modified mode [ 'lib/helpers/common.js', 436, 420 ]
386 silly gunzTarPerm extractEntry lib/helpers/cursor/eachAsync.js
387 silly gunzTarPerm modified mode [ 'lib/helpers/cursor/eachAsync.js', 436, 420 ]
388 silly gunzTarPerm extractEntry lib/helpers/document/cleanModifiedSubpaths.js
389 silly gunzTarPerm modified mode [ 'lib/helpers/document/cleanModifiedSubpaths.js', 436, 420 ]
390 silly gunzTarPerm extractEntry lib/helpers/document/compile.js
391 silly gunzTarPerm modified mode [ 'lib/helpers/document/compile.js', 436, 420 ]
392 silly gunzTarPerm extractEntry lib/helpers/document/getEmbeddedDiscriminatorPath.js
393 silly gunzTarPerm modified mode [ 'lib/helpers/document/getEmbeddedDiscriminatorPath.js',
393 silly gunzTarPerm   436,
393 silly gunzTarPerm   420 ]
394 silly gunzTarPerm extractEntry lib/helpers/immediate.js
395 silly gunzTarPerm modified mode [ 'lib/helpers/immediate.js', 436, 420 ]
396 silly gunzTarPerm extractEntry lib/helpers/model/applyHooks.js
397 silly gunzTarPerm modified mode [ 'lib/helpers/model/applyHooks.js', 436, 420 ]
398 silly gunzTarPerm extractEntry lib/helpers/model/applyMethods.js
399 silly gunzTarPerm modified mode [ 'lib/helpers/model/applyMethods.js', 436, 420 ]
400 silly gunzTarPerm extractEntry lib/helpers/model/applyStatics.js
401 silly gunzTarPerm modified mode [ 'lib/helpers/model/applyStatics.js', 436, 420 ]
402 silly gunzTarPerm extractEntry lib/helpers/model/castBulkWrite.js
403 silly gunzTarPerm modified mode [ 'lib/helpers/model/castBulkWrite.js', 436, 420 ]
404 silly gunzTarPerm extractEntry lib/helpers/model/discriminator.js
405 silly gunzTarPerm modified mode [ 'lib/helpers/model/discriminator.js', 436, 420 ]
406 silly gunzTarPerm extractEntry lib/helpers/populate/assignRawDocsToIdStructure.js
407 silly gunzTarPerm modified mode [ 'lib/helpers/populate/assignRawDocsToIdStructure.js',
407 silly gunzTarPerm   436,
407 silly gunzTarPerm   420 ]
408 silly gunzTarPerm extractEntry lib/helpers/populate/getSchemaTypes.js
409 silly gunzTarPerm modified mode [ 'lib/helpers/populate/getSchemaTypes.js', 436, 420 ]
410 silly gunzTarPerm extractEntry lib/helpers/populate/getVirtual.js
411 silly gunzTarPerm modified mode [ 'lib/helpers/populate/getVirtual.js', 436, 420 ]
412 silly gunzTarPerm extractEntry lib/helpers/populate/leanPopulateMap.js
413 silly gunzTarPerm modified mode [ 'lib/helpers/populate/leanPopulateMap.js', 436, 420 ]
414 silly gunzTarPerm extractEntry lib/helpers/populate/validateRef.js
415 silly gunzTarPerm modified mode [ 'lib/helpers/populate/validateRef.js', 436, 420 ]
416 silly gunzTarPerm extractEntry lib/helpers/printJestWarning.js
417 silly gunzTarPerm modified mode [ 'lib/helpers/printJestWarning.js', 436, 420 ]
418 silly gunzTarPerm extractEntry lib/helpers/projection/isDefiningProjection.js
419 silly gunzTarPerm modified mode [ 'lib/helpers/projection/isDefiningProjection.js', 436, 420 ]
420 silly gunzTarPerm extractEntry lib/helpers/projection/isExclusive.js
421 silly gunzTarPerm modified mode [ 'lib/helpers/projection/isExclusive.js', 436, 420 ]
422 silly gunzTarPerm extractEntry lib/helpers/projection/isInclusive.js
423 silly gunzTarPerm modified mode [ 'lib/helpers/projection/isInclusive.js', 436, 420 ]
424 silly gunzTarPerm extractEntry lib/helpers/projection/isPathExcluded.js
425 silly gunzTarPerm modified mode [ 'lib/helpers/projection/isPathExcluded.js', 436, 420 ]
426 silly gunzTarPerm extractEntry lib/helpers/projection/isPathSelectedInclusive.js
427 silly gunzTarPerm modified mode [ 'lib/helpers/projection/isPathSelectedInclusive.js', 436, 420 ]
428 silly gunzTarPerm extractEntry lib/helpers/query/applyQueryMiddleware.js
429 silly gunzTarPerm modified mode [ 'lib/helpers/query/applyQueryMiddleware.js', 436, 420 ]
430 silly gunzTarPerm extractEntry lib/helpers/query/castUpdate.js
431 silly gunzTarPerm modified mode [ 'lib/helpers/query/castUpdate.js', 436, 420 ]
432 silly gunzTarPerm extractEntry lib/helpers/query/completeMany.js
433 silly gunzTarPerm modified mode [ 'lib/helpers/query/completeMany.js', 436, 420 ]
434 silly gunzTarPerm extractEntry lib/helpers/query/getEmbeddedDiscriminatorPath.js
435 silly gunzTarPerm modified mode [ 'lib/helpers/query/getEmbeddedDiscriminatorPath.js', 436, 420 ]
436 silly gunzTarPerm extractEntry lib/helpers/query/hasDollarKeys.js
437 silly gunzTarPerm modified mode [ 'lib/helpers/query/hasDollarKeys.js', 436, 420 ]
438 silly gunzTarPerm extractEntry lib/helpers/query/selectPopulatedFields.js
439 silly gunzTarPerm modified mode [ 'lib/helpers/query/selectPopulatedFields.js', 436, 420 ]
440 silly gunzTarPerm extractEntry lib/helpers/schema/applyWriteConcern.js
441 silly gunzTarPerm modified mode [ 'lib/helpers/schema/applyWriteConcern.js', 436, 420 ]
442 silly gunzTarPerm extractEntry lib/helpers/schema/getIndexes.js
443 silly gunzTarPerm modified mode [ 'lib/helpers/schema/getIndexes.js', 436, 420 ]
444 silly gunzTarPerm extractEntry lib/helpers/schema/handleTimestampOption.js
445 silly gunzTarPerm modified mode [ 'lib/helpers/schema/handleTimestampOption.js', 436, 420 ]
446 silly gunzTarPerm extractEntry lib/helpers/schema/merge.js
447 silly gunzTarPerm modified mode [ 'lib/helpers/schema/merge.js', 436, 420 ]
448 silly gunzTarPerm extractEntry lib/helpers/schema/setParentPointers.js
449 silly gunzTarPerm modified mode [ 'lib/helpers/schema/setParentPointers.js', 436, 420 ]
450 silly gunzTarPerm extractEntry lib/helpers/setDefaultsOnInsert.js
451 silly gunzTarPerm modified mode [ 'lib/helpers/setDefaultsOnInsert.js', 436, 420 ]
452 silly gunzTarPerm extractEntry lib/helpers/symbols.js
453 silly gunzTarPerm modified mode [ 'lib/helpers/symbols.js', 436, 420 ]
454 silly gunzTarPerm extractEntry lib/helpers/update/applyTimestampsToChildren.js
455 silly gunzTarPerm modified mode [ 'lib/helpers/update/applyTimestampsToChildren.js', 436, 420 ]
456 silly gunzTarPerm extractEntry lib/helpers/update/applyTimestampsToUpdate.js
457 silly gunzTarPerm modified mode [ 'lib/helpers/update/applyTimestampsToUpdate.js', 436, 420 ]
458 silly gunzTarPerm extractEntry lib/helpers/update/modifiedPaths.js
459 silly gunzTarPerm modified mode [ 'lib/helpers/update/modifiedPaths.js', 436, 420 ]
460 silly gunzTarPerm extractEntry lib/helpers/updateValidators.js
461 silly gunzTarPerm modified mode [ 'lib/helpers/updateValidators.js', 436, 420 ]
462 silly gunzTarPerm extractEntry lib/index.js
463 silly gunzTarPerm modified mode [ 'lib/index.js', 436, 420 ]
464 silly gunzTarPerm extractEntry lib/internal.js
465 silly gunzTarPerm modified mode [ 'lib/internal.js', 436, 420 ]
466 silly gunzTarPerm extractEntry lib/model.js
467 silly gunzTarPerm modified mode [ 'lib/model.js', 436, 420 ]
468 silly gunzTarPerm extractEntry lib/options.js
469 silly gunzTarPerm modified mode [ 'lib/options.js', 436, 420 ]
470 silly gunzTarPerm extractEntry lib/plugins/idGetter.js
471 silly gunzTarPerm modified mode [ 'lib/plugins/idGetter.js', 436, 420 ]
472 silly gunzTarPerm extractEntry lib/plugins/removeSubdocs.js
473 silly gunzTarPerm modified mode [ 'lib/plugins/removeSubdocs.js', 436, 420 ]
474 silly gunzTarPerm extractEntry lib/plugins/saveSubdocs.js
475 silly gunzTarPerm modified mode [ 'lib/plugins/saveSubdocs.js', 436, 420 ]
476 silly gunzTarPerm extractEntry lib/plugins/sharding.js
477 silly gunzTarPerm modified mode [ 'lib/plugins/sharding.js', 436, 420 ]
478 silly gunzTarPerm extractEntry lib/plugins/validateBeforeSave.js
479 silly gunzTarPerm modified mode [ 'lib/plugins/validateBeforeSave.js', 436, 420 ]
480 silly gunzTarPerm extractEntry lib/promise_provider.js
481 silly gunzTarPerm modified mode [ 'lib/promise_provider.js', 436, 420 ]
482 silly gunzTarPerm extractEntry lib/query.js
483 silly gunzTarPerm modified mode [ 'lib/query.js', 436, 420 ]
484 silly gunzTarPerm extractEntry lib/queryhelpers.js
485 silly gunzTarPerm modified mode [ 'lib/queryhelpers.js', 436, 420 ]
486 silly gentlyRm /home/marianne/LocalLibrary/express-locallibrary-tutoriaali/node_modules/.staging/mongodb-55502855/node_modules is being purged
487 verbose gentlyRm don't care about contents; nuking /home/marianne/LocalLibrary/express-locallibrary-tutoriaali/node_modules/.staging/mongodb-55502855/node_modules
488 silly gunzTarPerm extractEntry lib/schema.js
489 silly gunzTarPerm modified mode [ 'lib/schema.js', 436, 420 ]
490 silly gunzTarPerm extractEntry lib/schema/array.js
491 silly gunzTarPerm modified mode [ 'lib/schema/array.js', 436, 420 ]
492 silly gunzTarPerm extractEntry lib/schema/boolean.js
493 silly gunzTarPerm modified mode [ 'lib/schema/boolean.js', 436, 420 ]
494 silly gunzTarPerm extractEntry lib/schema/buffer.js
495 silly gunzTarPerm modified mode [ 'lib/schema/buffer.js', 436, 420 ]
496 silly gunzTarPerm extractEntry lib/schema/date.js
497 silly gunzTarPerm modified mode [ 'lib/schema/date.js', 436, 420 ]
498 silly gunzTarPerm extractEntry lib/schema/decimal128.js
499 silly gunzTarPerm modified mode [ 'lib/schema/decimal128.js', 436, 420 ]
500 silly gunzTarPerm extractEntry lib/schema/documentarray.js
501 silly gunzTarPerm modified mode [ 'lib/schema/documentarray.js', 436, 420 ]
502 silly gunzTarPerm extractEntry lib/schema/embedded.js
503 silly gunzTarPerm modified mode [ 'lib/schema/embedded.js', 436, 420 ]
504 silly gunzTarPerm extractEntry lib/schema/index.js
505 silly gunzTarPerm modified mode [ 'lib/schema/index.js', 436, 420 ]
506 silly gunzTarPerm extractEntry lib/schema/map.js
507 silly gunzTarPerm modified mode [ 'lib/schema/map.js', 436, 420 ]
508 silly gunzTarPerm extractEntry lib/schema/mixed.js
509 silly gunzTarPerm modified mode [ 'lib/schema/mixed.js', 436, 420 ]
510 silly gunzTarPerm extractEntry lib/schema/number.js
511 silly gunzTarPerm modified mode [ 'lib/schema/number.js', 436, 420 ]
512 silly gunzTarPerm extractEntry lib/schema/objectid.js
513 silly gunzTarPerm modified mode [ 'lib/schema/objectid.js', 436, 420 ]
514 silly gunzTarPerm extractEntry lib/schema/operators/bitwise.js
515 silly gunzTarPerm modified mode [ 'lib/schema/operators/bitwise.js', 436, 420 ]
516 silly gunzTarPerm extractEntry lib/schema/operators/exists.js
517 silly gunzTarPerm modified mode [ 'lib/schema/operators/exists.js', 436, 420 ]
518 silly gunzTarPerm extractEntry lib/schema/operators/geospatial.js
519 silly gunzTarPerm modified mode [ 'lib/schema/operators/geospatial.js', 436, 420 ]
520 silly gunzTarPerm extractEntry lib/schema/operators/helpers.js
521 silly gunzTarPerm modified mode [ 'lib/schema/operators/helpers.js', 436, 420 ]
522 silly gunzTarPerm extractEntry lib/schema/operators/text.js
523 silly gunzTarPerm modified mode [ 'lib/schema/operators/text.js', 436, 420 ]
524 silly gunzTarPerm extractEntry lib/schema/operators/type.js
525 silly gunzTarPerm modified mode [ 'lib/schema/operators/type.js', 436, 420 ]
526 silly gunzTarPerm extractEntry lib/schema/string.js
527 silly gunzTarPerm modified mode [ 'lib/schema/string.js', 436, 420 ]
528 silly gunzTarPerm extractEntry lib/schema/symbols.js
529 silly gunzTarPerm modified mode [ 'lib/schema/symbols.js', 436, 420 ]
530 silly gunzTarPerm extractEntry lib/schematype.js
531 silly gunzTarPerm modified mode [ 'lib/schematype.js', 436, 420 ]
532 silly gunzTarPerm extractEntry lib/statemachine.js
533 silly gunzTarPerm modified mode [ 'lib/statemachine.js', 436, 420 ]
534 silly gunzTarPerm extractEntry lib/types/array.js
535 silly gunzTarPerm modified mode [ 'lib/types/array.js', 436, 420 ]
536 silly gunzTarPerm extractEntry lib/types/buffer.js
537 silly gunzTarPerm modified mode [ 'lib/types/buffer.js', 436, 420 ]
538 silly gunzTarPerm extractEntry lib/types/decimal128.js
539 silly gunzTarPerm modified mode [ 'lib/types/decimal128.js', 436, 420 ]
540 silly gunzTarPerm extractEntry lib/types/documentarray.js
541 silly gunzTarPerm modified mode [ 'lib/types/documentarray.js', 436, 420 ]
542 silly gunzTarPerm extractEntry lib/types/embedded.js
543 silly gunzTarPerm modified mode [ 'lib/types/embedded.js', 436, 420 ]
544 silly gunzTarPerm extractEntry lib/types/index.js
545 silly gunzTarPerm modified mode [ 'lib/types/index.js', 436, 420 ]
546 silly gunzTarPerm extractEntry lib/types/map.js
547 silly gunzTarPerm modified mode [ 'lib/types/map.js', 436, 420 ]
548 silly gunzTarPerm extractEntry lib/types/objectid.js
549 silly gunzTarPerm modified mode [ 'lib/types/objectid.js', 436, 420 ]
550 silly gunzTarPerm extractEntry lib/types/subdocument.js
551 silly gunzTarPerm modified mode [ 'lib/types/subdocument.js', 436, 420 ]
552 silly gunzTarPerm extractEntry lib/utils.js
553 silly gunzTarPerm modified mode [ 'lib/utils.js', 436, 420 ]
554 silly gunzTarPerm extractEntry lib/virtualtype.js
555 silly gunzTarPerm modified mode [ 'lib/virtualtype.js', 436, 420 ]
556 silly gunzTarPerm extractEntry tools/auth.js
557 silly gunzTarPerm modified mode [ 'tools/auth.js', 436, 420 ]
558 silly gunzTarPerm extractEntry tools/repl.js
559 silly gunzTarPerm modified mode [ 'tools/repl.js', 436, 420 ]
560 silly gunzTarPerm extractEntry tools/sharded.js
561 silly gunzTarPerm modified mode [ 'tools/sharded.js', 436, 420 ]
562 silly gentlyRm /home/marianne/LocalLibrary/express-locallibrary-tutoriaali/node_modules/.staging/mongoose-a7ec297c/node_modules is being purged
563 verbose gentlyRm don't care about contents; nuking /home/marianne/LocalLibrary/express-locallibrary-tutoriaali/node_modules/.staging/mongoose-a7ec297c/node_modules
564 silly doParallel preinstall 5
565 silly preinstall mongodb@3.1.10 /home/marianne/LocalLibrary/express-locallibrary-tutoriaali/node_modules/.staging/mongodb-55502855
566 info lifecycle mongodb@3.1.10~preinstall: mongodb@3.1.10
567 silly preinstall node-bin-setup@1.0.6 /home/marianne/LocalLibrary/express-locallibrary-tutoriaali/node_modules/.staging/node-bin-setup-5d1cf264
568 info lifecycle node-bin-setup@1.0.6~preinstall: node-bin-setup@1.0.6
569 silly preinstall asynch@0.5.2 /home/marianne/LocalLibrary/express-locallibrary-tutoriaali/node_modules/.staging/asynch-62e0a657
570 info lifecycle asynch@0.5.2~preinstall: asynch@0.5.2
571 silly preinstall mongoose@5.3.13 /home/marianne/LocalLibrary/express-locallibrary-tutoriaali/node_modules/.staging/mongoose-a7ec297c
572 info lifecycle mongoose@5.3.13~preinstall: mongoose@5.3.13
573 silly preinstall node@11.1.0 /home/marianne/LocalLibrary/express-locallibrary-tutoriaali/node_modules/.staging/node-6e4290d9
574 info lifecycle node@11.1.0~preinstall: node@11.1.0
575 silly lifecycle mongodb@3.1.10~preinstall: no script for preinstall, continuing
576 silly lifecycle node-bin-setup@1.0.6~preinstall: no script for preinstall, continuing
577 silly lifecycle asynch@0.5.2~preinstall: no script for preinstall, continuing
578 silly lifecycle mongoose@5.3.13~preinstall: no script for preinstall, continuing
579 verbose lifecycle node@11.1.0~preinstall: unsafe-perm in lifecycle true
580 verbose lifecycle node@11.1.0~preinstall: PATH: /usr/share/npm/bin/node-gyp-bin:/home/marianne/LocalLibrary/express-locallibrary-tutoriaali/node_modules/.staging/node-6e4290d9/node_modules/.bin:/home/marianne/LocalLibrary/express-locallibrary-tutoriaali/node_modules/.bin:/usr/local/sbin:/usr/local/bin:/usr/sbin:/usr/bin:/sbin:/bin:/usr/games:/usr/local/games:/snap/bin
581 verbose lifecycle node@11.1.0~preinstall: CWD: /home/marianne/LocalLibrary/express-locallibrary-tutoriaali/node_modules/.staging/node-6e4290d9
582 silly lifecycle node@11.1.0~preinstall: Args: [ '-c', 'node installArchSpecificPackage' ]
583 silly lifecycle node@11.1.0~preinstall: Returned: code: 1  signal: null
584 info lifecycle node@11.1.0~preinstall: Failed to exec preinstall script
585 verbose unlock done using /home/marianne/.npm/_locks/staging-13f737813a7ee851.lock for /home/marianne/LocalLibrary/express-locallibrary-tutoriaali/node_modules/.staging
586 silly rollbackFailedOptional Starting
587 silly rollbackFailedOptional Finishing
588 silly runTopLevelLifecycles Starting
589 silly runTopLevelLifecycles Finishing
590 silly install printInstalled
591 warn optional Skipping failed optional dependency /chokidar/fsevents:
592 warn notsup Not compatible with your operating system or architecture: fsevents@1.2.4
593 verbose stack Error: node@11.1.0 preinstall: `node installArchSpecificPackage`
593 verbose stack Exit status 1
593 verbose stack     at EventEmitter.<anonymous> (/usr/share/npm/lib/utils/lifecycle.js:232:16)
593 verbose stack     at emitTwo (events.js:126:13)
593 verbose stack     at EventEmitter.emit (events.js:214:7)
593 verbose stack     at ChildProcess.<anonymous> (/usr/share/npm/lib/utils/spawn.js:24:14)
593 verbose stack     at emitTwo (events.js:126:13)
593 verbose stack     at ChildProcess.emit (events.js:214:7)
593 verbose stack     at maybeClose (internal/child_process.js:925:16)
593 verbose stack     at Process.ChildProcess._handle.onexit (internal/child_process.js:209:5)
594 verbose pkgid node@11.1.0
595 verbose cwd /home/marianne/LocalLibrary/express-locallibrary-tutoriaali
596 error Linux 4.15.0-36-generic
597 error argv "/usr/bin/node" "/usr/bin/npm" "install" "node"
598 error node v8.10.0
599 error npm  v3.5.2
600 error code ELIFECYCLE
601 error node@11.1.0 preinstall: `node installArchSpecificPackage`
601 error Exit status 1
602 error Failed at the node@11.1.0 preinstall script 'node installArchSpecificPackage'.
602 error Make sure you have the latest version of node.js and npm installed.
602 error If you do, this is most likely a problem with the node package,
602 error not with npm itself.
602 error Tell the author that this fails on your system:
602 error     node installArchSpecificPackage
602 error You can get information on how to open an issue for this project with:
602 error     npm bugs node
602 error Or if that isn't available, you can get their info via:
602 error     npm owner ls node
602 error There is likely additional logging output above.
603 verbose exit [ 1, true ]
